#
# A fatal error has been detected by the Java Runtime Environment:
#
#  EXCEPTION_ACCESS_VIOLATION (0xc0000005) at pc=0x0000016ce2490f84, pid=18800, tid=16520
#
# JRE version: OpenJDK Runtime Environment Temurin-21.0.6+7 (21.0.6+7) (build 21.0.6+7-LTS)
# Java VM: OpenJDK 64-Bit Server VM Temurin-21.0.6+7 (21.0.6+7-LTS, mixed mode, emulated-client, sharing, tiered, compressed oops, compressed class ptrs, g1 gc, windows-amd64)
# Problematic frame:
# v  ~BufferBlob::MethodHandles adapters 0x0000016ce2490f84
#
# No core dump will be written. Minidumps are not enabled by default on client versions of Windows
#
# If you would like to submit a bug report, please visit:
#   https://github.com/adoptium/adoptium-support/issues
#

---------------  S U M M A R Y ------------

Command Line: -XX:+ShowCodeDetailsInExceptionMessages -agentlib:jdwp=transport=dt_socket,suspend=y,address=localhost:49682 -Dcom.sun.management.jmxremote -Dcom.sun.management.jmxremote.port=49681 -Dcom.sun.management.jmxremote.authenticate=false -Dcom.sun.management.jmxremote.ssl=false -Djava.rmi.server.hostname=localhost -Dspring.jmx.enabled=true -Dmanagement.endpoints.jmx.exposure.include=* -Dspring.application.admin.enabled=true -Dspring.output.ansi.enabled=always -XX:TieredStopAtLevel=1 -Dspring.boot.project.name=ChonLichThiLai -javaagent:D:\code\sts-4.28.1.RELEASE\configuration\org.eclipse.osgi\275\0\.cp\lib\javaagent-shaded.jar -Dfile.encoding=UTF-8 -Dstdout.encoding=UTF-8 -Dstderr.encoding=UTF-8 com.thanglong.chonlichthilai.ChonLichThiLaiApplication

Host: Intel(R) Core(TM) i7-10510U CPU @ 1.80GHz, 8 cores, 7G,  Windows 11 , 64 bit Build 22621 (10.0.22621.4830)
Time: Thu Mar  6 21:39:45 2025 Altai Standard Time elapsed time: 137.782543 seconds (0d 0h 2m 17s)

---------------  T H R E A D  ---------------

Current thread (0x0000016cf1a9e100):  JavaThread "http-nio-3000-exec-3" daemon [_thread_in_Java, id=16520, stack(0x0000005502000000,0x0000005502100000) (1024K)]

Stack: [0x0000005502000000,0x0000005502100000],  sp=0x00000055020fc9c8,  free space=1010k
Native frames: (J=compiled Java code, j=interpreted, Vv=VM code, C=native code)
C  0x0000016ce2490f84

The last pc belongs to _linkToVirtual (printed below).

siginfo: EXCEPTION_ACCESS_VIOLATION (0xc0000005), reading address 0x000001712a299dea


Registers:
RAX=0x0000016ce246958b, RBX=0x00000000851d4c10, RCX=0x00000055020fc9d0, RDX=0x0000000000000002
RSP=0x00000055020fc9c8, RBP=0x00000055020fca18, RSI=0x0000016cf2211858, RDI=0x0000016cf20b6eb0
R8 =0x0000000000000004, R9 =0x0000000000000004, R10=0x0000016d00728cea, R11=0x000000008536e1e8
R12=0x0000000000000000, R13=0x00000055020fc9c8, R14=0x00000055020fca38, R15=0x0000016cf1a9e100
RIP=0x0000016ce2490f84, EFLAGS=0x0000000000010202

XMM[0]=0x0000000000000000 0x0000000000000000
XMM[1]=0x0000000000000000 0x0000000000000000
XMM[2]=0x0000000000000000 0x0000000000000000
XMM[3]=0x0000000000000000 0x0000000000000000
XMM[4]=0x0000000000000000 0x0000000000000000
XMM[5]=0x0000000000000000 0x0000000000000000
XMM[6]=0x0000000000000000 0x0000000000000000
XMM[7]=0x0000000000000000 0x0000000000000000
XMM[8]=0x0000000000000000 0x0000000000000000
XMM[9]=0x0000000000000000 0x0000000000000000
XMM[10]=0x0000000000000000 0x0000000000000000
XMM[11]=0x0000000000000000 0x0000000000000000
XMM[12]=0x0000000000000000 0x0000000000000000
XMM[13]=0x0000000000000000 0x0000000000000000
XMM[14]=0x0000000000000000 0x0000000000000000
XMM[15]=0x0000000000000000 0x0000000000000000
  MXCSR=0x00001fa0


Register to memory mapping:

RAX=0x0000016ce246958b is at code_begin+4363 in an Interpreter codelet
return entry points  [0x0000016ce2468480, 0x0000016ce246a298]  7704 bytes
RBX=0x00000000851d4c10 is an oop: com.thanglong.chonlichthilai.dangkylichthilai.DangKyLichThiLaiController 
{0x00000000851d4c10} - klass: 'com/thanglong/chonlichthilai/dangkylichthilai/DangKyLichThiLaiController'
 - ---- fields (total size 3 words):
 - private 'service' 'Lcom/thanglong/chonlichthilai/dangkylichthilai/DangKyLichThiLaiService;' @12  a 'com/thanglong/chonlichthilai/dangkylichthilai/DangKyLichThiLaiServiceImpl'{0x0000000085299748} (0x85299748)
 - private 'emailService' 'Lcom/thanglong/chonlichthilai/email/EmailService;' @16  a 'com/thanglong/chonlichthilai/email/EmailServiceImpl'{0x000000008536e1e8} (0x8536e1e8)
RCX=0x00000055020fc9d0 is pointing into the stack for thread: 0x0000016cf1a9e100
RDX=0x0000000000000002 is an unknown value
RSP=0x00000055020fc9c8 is pointing into the stack for thread: 0x0000016cf1a9e100
RBP=0x00000055020fca18 is pointing into the stack for thread: 0x0000016cf1a9e100
RSI=0x0000016cf2211858 points into unknown readable memory: 0x800074021dc47afd | fd 7a c4 1d 02 74 00 80
RDI=0x0000016cf20b6eb0 points into unknown readable memory: 0x0000001800000060 | 60 00 00 00 18 00 00 00
R8 =0x0000000000000004 is an unknown value
R9 =0x0000000000000004 is an unknown value
R10=0x0000016d00728cea is an unknown value
R11=0x000000008536e1e8 is an oop: com.thanglong.chonlichthilai.email.EmailServiceImpl 
{0x000000008536e1e8} - klass: 'com/thanglong/chonlichthilai/email/EmailServiceImpl'
 - ---- fields (total size 3 words):
 - private 'javaMailSender' 'Lorg/springframework/mail/javamail/JavaMailSender;' @12  a 'org/springframework/mail/javamail/JavaMailSenderImpl'{0x000000008536e200} (0x8536e200)
 - private 'sender' 'Ljava/lang/String;' @16  "thanhnx@thanglong.edu.vn"{0x0000000085376710} (0x85376710)
R12=0x0 is null
R13=0x00000055020fc9c8 is pointing into the stack for thread: 0x0000016cf1a9e100
R14=0x00000055020fca38 is pointing into the stack for thread: 0x0000016cf1a9e100
R15=0x0000016cf1a9e100 is a thread

Top of Stack: (sp=0x00000055020fc9c8)
0x00000055020fc9c8:   0000016ce246958b 00000055020fc9d0
0x00000055020fc9d8:   0000016c80728cea 0000000000000004
0x00000055020fc9e8:   0000016c800b1088 0000016ce25c74e0
0x00000055020fc9f8:   0000000083b83438 0000016c800b3bd8
0x00000055020fca08:   00000055020fc9c8 00000055020fca40
0x00000055020fca18:   00000055020fcd58 0000016ce2aec3a8
0x00000055020fca28:   0000000089870d88 00000000851d4c10
0x00000055020fca38:   0000000089870f18 00000055020fcb90
0x00000055020fca48:   00000055020fb820 0000000083e32640
0x00000055020fca58:   00000000898710e8 00000000851d4c10
0x00000055020fca68:   0000000089871098 0000000089870f18
0x00000055020fca78:   00000000851d4c10 0000016ce2aec2e4
0x00000055020fca88:   0000016ce26fc39e 00000055020fcd58
0x00000055020fca98:   0000016ce277574a 00000055020fcb80
0x00000055020fcaa8:   0000016cf1a9e100 0000000089870c80
0x00000055020fcab8:   0000000085fb43d0 00000055020fcba0
0x00000055020fcac8:   0000016ce25c7ccc 0000016ce25c7110
0x00000055020fcad8:   0000000000000000 0000a10000000000
0x00000055020fcae8:   00007ffc8c91d3bc 00000055020fcd58
0x00000055020fcaf8:   0000016ce2808044 0000016ce25c7c6c
0x00000055020fcb08:   0000000000000000 0000000000000002
0x00000055020fcb18:   0000000000000c00 0000000000000000
0x00000055020fcb28:   0000000000000000 0000000000000000
0x00000055020fcb38:   0000000000000000 0000000000000000
0x00000055020fcb48:   0000000000000000 0000000089871110
0x00000055020fcb58:   0000000085fb4458 00000000851d4c10
0x00000055020fcb68:   00000055020fd400 0000016cf1a9e100
0x00000055020fcb78:   0000000085194438 0000000085fb43d0
0x00000055020fcb88:   0000000083e32640 0000000083e32640
0x00000055020fcb98:   0000016c00000001 0000000089870c80
0x00000055020fcba8:   0000000089870c80 0000016cf1a9e100
0x00000055020fcbb8:   00000000898710e8 00000055020fcd58 

Instructions: (pc=0x0000016ce2490f84)
0x0000016ce2490e84:   00 00 00 00 01 00 00 00 00 00 00 00 98 86 ca 8c
0x0000016ce2490e94:   fc 7f 00 00 00 0f 49 e2 6c 01 00 00 80 1f 49 e2
0x0000016ce2490ea4:   6c 01 00 00 00 0f 49 e2 6c 01 00 00 80 1f 49 e2
0x0000016ce2490eb4:   6c 01 00 00 f0 0e 49 e2 6c 01 00 00 f0 0e 49 e2
0x0000016ce2490ec4:   6c 01 00 00 00 00 00 00 00 00 00 00 38 87 ca 8c
0x0000016ce2490ed4:   fc 7f 00 00 f0 10 00 00 60 00 00 00 ff ff ff ff
0x0000016ce2490ee4:   f0 10 00 00 00 00 00 00 00 00 00 00 00 00 00 00
0x0000016ce2490ef4:   00 00 00 00 00 00 00 00 00 00 00 00 f4 66 66 66
0x0000016ce2490f04:   0f 1f 84 00 00 00 00 00 66 66 66 90 66 66 66 0f
0x0000016ce2490f14:   1f 84 00 00 00 00 00 66 66 66 90 90 48 8b 53 08
0x0000016ce2490f24:   0f b7 52 2e 48 8b 0c d4 8b 59 14 8b 5b 28 8b 5b
0x0000016ce2490f34:   24 48 8b 5b 10 48 85 db 0f 84 10 00 00 00 41 80
0x0000016ce2490f44:   bf d8 05 00 00 00 74 03 ff 63 38 ff 63 50 e9 a9
0x0000016ce2490f54:   16 00 00 66 0f 1f 84 00 00 00 00 00 48 8b 53 08
0x0000016ce2490f64:   0f b7 52 2e 48 8b 0c d4 58 5b 50 44 8b 51 08 49
0x0000016ce2490f74:   bb 00 00 00 80 6c 01 00 00 4d 03 d3 4c 8b 5b 10
0x0000016ce2490f84:   4b 8b 9c da c0 01 00 00 48 85 db 0f 84 10 00 00
0x0000016ce2490f94:   00 41 80 bf d8 05 00 00 00 74 03 ff 63 38 ff 63
0x0000016ce2490fa4:   50 e9 56 16 00 00 66 66 66 0f 1f 84 00 00 00 00
0x0000016ce2490fb4:   00 66 66 66 90 0f 1f 80 00 00 00 00 58 5b 50 8b
0x0000016ce2490fc4:   5b 24 48 8b 5b 10 48 85 db 0f 84 10 00 00 00 41
0x0000016ce2490fd4:   80 bf d8 05 00 00 00 74 03 ff 63 38 ff 63 50 e9
0x0000016ce2490fe4:   18 16 00 00 66 66 66 0f 1f 84 00 00 00 00 00 66
0x0000016ce2490ff4:   66 66 90 66 0f 1f 84 00 00 00 00 00 48 8b 53 08
0x0000016ce2491004:   0f b7 52 2e 48 8b 0c d4 58 5b 50 48 3b 01 8b 5b
0x0000016ce2491014:   24 48 8b 5b 10 48 85 db 0f 84 10 00 00 00 41 80
0x0000016ce2491024:   bf d8 05 00 00 00 74 03 ff 63 38 ff 63 50 e9 c9
0x0000016ce2491034:   15 00 00 66 0f 1f 84 00 00 00 00 00 48 8b 53 08
0x0000016ce2491044:   0f b7 52 2e 48 8b 0c d4 58 5b 50 44 8b 51 08 49
0x0000016ce2491054:   bb 00 00 00 80 6c 01 00 00 4d 03 d3 8b 43 18 48
0x0000016ce2491064:   8b 40 10 48 8b 5b 10 45 8b 9a a0 00 00 00 4f 8d
0x0000016ce2491074:   9c da c0 01 00 00 4d 8d 14 da 49 8b 1b 48 3b c3 


Stack slot to memory mapping:

stack at sp + 0 slots: 0x0000016ce246958b is at code_begin+4363 in an Interpreter codelet
return entry points  [0x0000016ce2468480, 0x0000016ce246a298]  7704 bytes
stack at sp + 1 slots: 0x00000055020fc9d0 is pointing into the stack for thread: 0x0000016cf1a9e100
stack at sp + 2 slots: 0x0000016c80728cea is pointing into metadata
stack at sp + 3 slots: 0x0000000000000004 is an unknown value
stack at sp + 4 slots: 0x0000016c800b1088 is pointing into metadata
stack at sp + 5 slots: 0x0000016ce25c74e0 is at entry_point+0 in (nmethod*)0x0000016ce25c7110
Compiled method (c1) 137835 8333   !   1       org.springframework.orm.jpa.AbstractEntityManagerFactoryBean::invokeProxyMethod (201 bytes)
 total in heap  [0x0000016ce25c7110,0x0000016ce25c91f8] = 8424
 relocation     [0x0000016ce25c7270,0x0000016ce25c74d0] = 608
 main code      [0x0000016ce25c74e0,0x0000016ce25c84d8] = 4088
 stub code      [0x0000016ce25c84d8,0x0000016ce25c8678] = 416
 oops           [0x0000016ce25c8678,0x0000016ce25c8698] = 32
 metadata       [0x0000016ce25c8698,0x0000016ce25c87c8] = 304
 scopes data    [0x0000016ce25c87c8,0x0000016ce25c8c88] = 1216
 scopes pcs     [0x0000016ce25c8c88,0x0000016ce25c9038] = 944
 dependencies   [0x0000016ce25c9038,0x0000016ce25c9090] = 88
 handler table  [0x0000016ce25c9090,0x0000016ce25c9178] = 232
 nul chk table  [0x0000016ce25c9178,0x0000016ce25c91f8] = 128
stack at sp + 6 slots: 0x0000000083b83438 is an oop: java.lang.Class 
{0x0000000083b83438} - klass: 'java/lang/Class'
 - ---- fields (total size 14 words):
 - private volatile transient 'classRedefinedCount' 'I' @12  0 (0x00000000)
 - injected 'klass' 'J' @16  1565516303456 (0x0000016c800b0c60)
 - injected 'array_klass' 'J' @24  0 (0x0000000000000000)
 - injected 'oop_size' 'I' @32  14 (0x0000000e)
 - injected 'static_oop_field_count' 'I' @36  0 (0x00000000)
 - private volatile transient 'cachedConstructor' 'Ljava/lang/reflect/Constructor;' @40  null (0x00000000)
 - private transient 'name' 'Ljava/lang/String;' @44  null (0x00000000)
 - private transient 'module' 'Ljava/lang/Module;' @48  a 'java/lang/Module'{0x0000000083b976f8} (0x83b976f8)
 - private final 'classLoader' 'Ljava/lang/ClassLoader;' @52  null (0x00000000)
 - private transient 'classData' 'Ljava/lang/Object;' @56  null (0x00000000)
 - private transient 'packageName' 'Ljava/lang/String;' @60  null (0x00000000)
 - private final 'componentType' 'Ljava/lang/Class;' @64  null (0x00000000)
 - private volatile transient 'reflectionData' 'Ljava/lang/ref/SoftReference;' @68  null (0x00000000)
 - private volatile transient 'genericInfo' 'Lsun/reflect/generics/repository/ClassRepository;' @72  null (0x00000000)
 - private volatile transient 'enumConstants' '[Ljava/lang/Object;' @76  null (0x00000000)
 - private volatile transient 'enumConstantDirectory' 'Ljava/util/Map;' @80  null (0x00000000)
 - private volatile transient 'annotationData' 'Ljava/lang/Class$AnnotationData;' @84  null (0x00000000)
 - private volatile transient 'annotationType' 'Lsun/reflect/annotation/AnnotationType;' @88  null (0x00000000)
 - transient 'classValueMap' 'Ljava/lang/ClassValue$ClassValueMap;' @92  null (0x00000000)
 - injected 'protection_domain' 'Ljava/lang/Object;' @96  null (0x00000000)
 - injected 'signers_name' 'Ljava/lang/Object;' @100  null (0x00000000)
 - injected 'source_file' 'Ljava/lang/Object;' @104  null (0x00000000)
 - injected '<init_lock>' 'Ljava/lang/Object;' @108  null (0x00000000)
 - signature: Ljava/lang/invoke/DirectMethodHandle$Holder;
 - ---- static fields (0):
stack at sp + 7 slots: {method} {0x0000016c800b3be0} 'invokeVirtual' '(Ljava/lang/Object;Ljava/lang/Object;)Ljava/lang/Object;' in 'java/lang/invoke/DirectMethodHandle$Holder'

MethodHandle::interpreter_entry::_linkToVirtual [0x0000016ce2490f57, 0x0000016ce2490faa] (83 bytes)
[MachCode]
  0x0000016ce2490f57: 660f 1f84 | 0000 0000 | 0048 8b53 | 080f b752 | 2e48 8b0c | d458 5b50 | 448b 5108 | 49bb 0000 
  0x0000016ce2490f77: 0080 6c01 | 0000 4d03 | d34c 8b5b | 104b 8b9c | dac0 0100 | 0048 85db | 0f84 1000 | 0000 4180 
  0x0000016ce2490f97: bfd8 0500 | 0000 7403 | ff63 38ff | 6350 e956 | 
[/MachCode]

---------------  P R O C E S S  ---------------

Threads class SMR info:
_java_thread_list=0x0000016cf208b4d0, length=36, elements={
0x0000016cea73e8f0, 0x0000016cea742060, 0x0000016cea743eb0, 0x0000016cea748e40,
0x0000016cea74a310, 0x0000016cea7519a0, 0x0000016cea752260, 0x0000016cea78e0b0,
0x0000016cea8b74d0, 0x0000016cea8d8eb0, 0x0000016cea8d9530, 0x0000016cef429250,
0x0000016cef5bdf50, 0x0000016cef5c3e80, 0x0000016cef6861d0, 0x0000016cefa6cf10,
0x0000016cefa6e100, 0x0000016cefae89e0, 0x0000016cf07ecdd0, 0x0000016cf07edaf0,
0x0000016cf07ee180, 0x0000016cf07ee810, 0x0000016cf07eeea0, 0x0000016cf1a9fb40,
0x0000016cf1a9c6c0, 0x0000016cf1a9e100, 0x0000016cf1a9cd50, 0x0000016cf1a9d3e0,
0x0000016cf1a9f4b0, 0x0000016cf1aa01d0, 0x0000016cf1a9da70, 0x0000016cf1aa3650,
0x0000016cf1a9e790, 0x0000016cf1aa0860, 0x0000016cf1a9ee20, 0x0000016cf1aa0ef0
}

Java Threads: ( => current thread )
  0x0000016cea73e8f0 JavaThread "Reference Handler"          daemon [_thread_blocked, id=19764, stack(0x000000557f900000,0x000000557fa00000) (1024K)]
  0x0000016cea742060 JavaThread "Finalizer"                  daemon [_thread_blocked, id=22396, stack(0x000000557fa00000,0x000000557fb00000) (1024K)]
  0x0000016cea743eb0 JavaThread "Signal Dispatcher"          daemon [_thread_blocked, id=9988, stack(0x000000557fb00000,0x000000557fc00000) (1024K)]
  0x0000016cea748e40 JavaThread "Attach Listener"            daemon [_thread_blocked, id=20292, stack(0x000000557fc00000,0x000000557fd00000) (1024K)]
  0x0000016cea74a310 JavaThread "Service Thread"             daemon [_thread_blocked, id=976, stack(0x000000557fd00000,0x000000557fe00000) (1024K)]
  0x0000016cea7519a0 JavaThread "Monitor Deflation Thread"   daemon [_thread_blocked, id=2612, stack(0x000000557fe00000,0x000000557ff00000) (1024K)]
  0x0000016cea752260 JavaThread "C1 CompilerThread0"         daemon [_thread_blocked, id=11492, stack(0x000000557ff00000,0x0000005580000000) (1024K)]
  0x0000016cea78e0b0 JavaThread "Common-Cleaner"             daemon [_thread_blocked, id=1572, stack(0x0000005500000000,0x0000005500100000) (1024K)]
  0x0000016cea8b74d0 JavaThread "JDWP Transport Listener: dt_socket" daemon [_thread_blocked, id=9024, stack(0x0000005500300000,0x0000005500400000) (1024K)]
  0x0000016cea8d8eb0 JavaThread "JDWP Event Helper Thread"   daemon [_thread_blocked, id=1388, stack(0x0000005500400000,0x0000005500500000) (1024K)]
  0x0000016cea8d9530 JavaThread "JDWP Command Reader"        daemon [_thread_in_native, id=3600, stack(0x0000005500500000,0x0000005500600000) (1024K)]
  0x0000016cef429250 JavaThread "Notification Thread"        daemon [_thread_blocked, id=6132, stack(0x0000005500600000,0x0000005500700000) (1024K)]
  0x0000016cef5bdf50 JavaThread "RMI TCP Accept-0"           daemon [_thread_in_native, id=20348, stack(0x0000005500700000,0x0000005500800000) (1024K)]
  0x0000016cef5c3e80 JavaThread "RMI TCP Accept-49681"       daemon [_thread_in_native, id=23172, stack(0x0000005500800000,0x0000005500900000) (1024K)]
  0x0000016cef6861d0 JavaThread "RMI TCP Accept-0"           daemon [_thread_in_native, id=9424, stack(0x0000005501000000,0x0000005501100000) (1024K)]
  0x0000016cefa6cf10 JavaThread "RMI Scheduler(0)"           daemon [_thread_blocked, id=11584, stack(0x0000005501200000,0x0000005501300000) (1024K)]
  0x0000016cefa6e100 JavaThread "RMI TCP Connection(4)-127.0.0.1" daemon [_thread_in_native, id=6324, stack(0x0000005501300000,0x0000005501400000) (1024K)]
  0x0000016cefae89e0 JavaThread "JMX server connection timeout 38" daemon [_thread_blocked, id=6376, stack(0x0000005501400000,0x0000005501500000) (1024K)]
  0x0000016cf07ecdd0 JavaThread "Catalina-utility-1"                [_thread_blocked, id=18008, stack(0x0000005501500000,0x0000005501600000) (1024K)]
  0x0000016cf07edaf0 JavaThread "Catalina-utility-2"                [_thread_blocked, id=4664, stack(0x0000005501800000,0x0000005501900000) (1024K)]
  0x0000016cf07ee180 JavaThread "container-0"                       [_thread_blocked, id=18344, stack(0x0000005501900000,0x0000005501a00000) (1024K)]
  0x0000016cf07ee810 JavaThread "mysql-cj-abandoned-connection-cleanup" daemon [_thread_blocked, id=23164, stack(0x0000005501a00000,0x0000005501b00000) (1024K)]
  0x0000016cf07eeea0 JavaThread "HikariPool-1 housekeeper"   daemon [_thread_blocked, id=18052, stack(0x0000005500100000,0x0000005500200000) (1024K)]
  0x0000016cf1a9fb40 JavaThread "http-nio-3000-exec-1"       daemon [_thread_blocked, id=17404, stack(0x0000005501e00000,0x0000005501f00000) (1024K)]
  0x0000016cf1a9c6c0 JavaThread "http-nio-3000-exec-2"       daemon [_thread_blocked, id=9292, stack(0x0000005501f00000,0x0000005502000000) (1024K)]
=>0x0000016cf1a9e100 JavaThread "http-nio-3000-exec-3"       daemon [_thread_in_Java, id=16520, stack(0x0000005502000000,0x0000005502100000) (1024K)]
  0x0000016cf1a9cd50 JavaThread "http-nio-3000-exec-4"       daemon [_thread_blocked, id=14680, stack(0x0000005502100000,0x0000005502200000) (1024K)]
  0x0000016cf1a9d3e0 JavaThread "http-nio-3000-exec-5"       daemon [_thread_blocked, id=18072, stack(0x0000005502200000,0x0000005502300000) (1024K)]
  0x0000016cf1a9f4b0 JavaThread "http-nio-3000-exec-6"       daemon [_thread_blocked, id=18932, stack(0x0000005502300000,0x0000005502400000) (1024K)]
  0x0000016cf1aa01d0 JavaThread "http-nio-3000-exec-7"       daemon [_thread_blocked, id=20824, stack(0x0000005502400000,0x0000005502500000) (1024K)]
  0x0000016cf1a9da70 JavaThread "http-nio-3000-exec-8"       daemon [_thread_blocked, id=11540, stack(0x0000005502500000,0x0000005502600000) (1024K)]
  0x0000016cf1aa3650 JavaThread "http-nio-3000-exec-9"       daemon [_thread_blocked, id=20536, stack(0x0000005502600000,0x0000005502700000) (1024K)]
  0x0000016cf1a9e790 JavaThread "http-nio-3000-exec-10"      daemon [_thread_blocked, id=11656, stack(0x0000005502700000,0x0000005502800000) (1024K)]
  0x0000016cf1aa0860 JavaThread "http-nio-3000-Poller"       daemon [_thread_in_native, id=15264, stack(0x0000005502800000,0x0000005502900000) (1024K)]
  0x0000016cf1a9ee20 JavaThread "http-nio-3000-Acceptor"     daemon [_thread_in_native, id=21932, stack(0x0000005502900000,0x0000005502a00000) (1024K)]
  0x0000016cf1aa0ef0 JavaThread "DestroyJavaVM"                     [_thread_blocked, id=19072, stack(0x000000557f100000,0x000000557f200000) (1024K)]
Total: 36

Other Threads:
  0x0000016cea723da0 VMThread "VM Thread"                           [id=11604, stack(0x000000557f800000,0x000000557f900000) (1024K)]
  0x0000016cea715390 WatcherThread "VM Periodic Task Thread"        [id=14200, stack(0x000000557f700000,0x000000557f800000) (1024K)]
  0x0000016cdeb3d4f0 WorkerThread "GC Thread#0"                     [id=7240, stack(0x000000557f200000,0x000000557f300000) (1024K)]
  0x0000016cef5ce930 WorkerThread "GC Thread#1"                     [id=18168, stack(0x0000005500900000,0x0000005500a00000) (1024K)]
  0x0000016cef5cecd0 WorkerThread "GC Thread#2"                     [id=11012, stack(0x0000005500a00000,0x0000005500b00000) (1024K)]
  0x0000016cef5eb470 WorkerThread "GC Thread#3"                     [id=9920, stack(0x0000005500b00000,0x0000005500c00000) (1024K)]
  0x0000016cef5ebc20 WorkerThread "GC Thread#4"                     [id=12748, stack(0x0000005500c00000,0x0000005500d00000) (1024K)]
  0x0000016cef5ebfd0 WorkerThread "GC Thread#5"                     [id=22788, stack(0x0000005500d00000,0x0000005500e00000) (1024K)]
  0x0000016cef5ec370 WorkerThread "GC Thread#6"                     [id=16388, stack(0x0000005500e00000,0x0000005500f00000) (1024K)]
  0x0000016cef5ec710 WorkerThread "GC Thread#7"                     [id=116, stack(0x0000005500f00000,0x0000005501000000) (1024K)]
  0x0000016cdeb4a900 ConcurrentGCThread "G1 Main Marker"            [id=20228, stack(0x000000557f300000,0x000000557f400000) (1024K)]
  0x0000016cdc84eb90 WorkerThread "G1 Conc#0"                       [id=18004, stack(0x000000557f400000,0x000000557f500000) (1024K)]
  0x0000016cefccebd0 WorkerThread "G1 Conc#1"                       [id=13408, stack(0x0000005501700000,0x0000005501800000) (1024K)]
  0x0000016cea5ea1d0 ConcurrentGCThread "G1 Refine#0"               [id=21168, stack(0x000000557f500000,0x000000557f600000) (1024K)]
  0x0000016cea5eab50 ConcurrentGCThread "G1 Service"                [id=23480, stack(0x000000557f600000,0x000000557f700000) (1024K)]
Total: 15

Threads with active compile tasks:
Total: 0

VM state: not at safepoint (normal execution)

VM Mutex/Monitor currently owned by a thread: None

Heap address: 0x0000000083600000, size: 1994 MB, Compressed Oops mode: 32-bit

CDS archive(s) mapped at: [0x0000016c80000000-0x0000016c80c80000-0x0000016c80c80000), size 13107200, SharedBaseAddress: 0x0000016c80000000, ArchiveRelocationMode: 1.
Compressed class space mapped at: 0x0000016c81000000-0x0000016cc1000000, reserved size: 1073741824
Narrow klass base: 0x0000016c80000000, Narrow klass shift: 0, Narrow klass range: 0x100000000

GC Precious Log:
 CardTable entry size: 512
 Card Set container configuration: InlinePtr #cards 5 size 8 Array Of Cards #cards 12 size 40 Howl #buckets 4 coarsen threshold 1843 Howl Bitmap #cards 512 size 80 coarsen threshold 460 Card regions per heap region 1 cards per card region 2048
 CPUs: 8 total, 8 available
 Memory: 7973M
 Large Page Support: Disabled
 NUMA Support: Disabled
 Compressed Oops: Enabled (32-bit)
 Heap Region Size: 1M
 Heap Min Capacity: 8M
 Heap Initial Capacity: 126M
 Heap Max Capacity: 1994M
 Pre-touch: Disabled
 Parallel Workers: 8
 Concurrent Workers: 2
 Concurrent Refinement Workers: 8
 Periodic GC: Disabled

Heap:
 garbage-first heap   total 109568K, used 81315K [0x0000000083600000, 0x0000000100000000)
  region size 1024K, 51 young (52224K), 8 survivors (8192K)
 Metaspace       used 79664K, committed 80448K, reserved 1179648K
  class space    used 11133K, committed 11520K, reserved 1048576K

Heap Regions: E=young(eden), S=young(survivor), O=old, HS=humongous(starts), HC=humongous(continues), CS=collection set, F=free, TAMS=top-at-mark-start, PB=parsable bottom
|   0|0x0000000083600000, 0x0000000083700000, 0x0000000083700000|100%|HS|  |TAMS 0x0000000083600000| PB 0x0000000083600000| Complete 
|   1|0x0000000083700000, 0x0000000083800000, 0x0000000083800000|100%| O|  |TAMS 0x0000000083700000| PB 0x0000000083700000| Untracked 
|   2|0x0000000083800000, 0x0000000083900000, 0x0000000083900000|100%| O|  |TAMS 0x0000000083800000| PB 0x0000000083800000| Untracked 
|   3|0x0000000083900000, 0x0000000083a00000, 0x0000000083a00000|100%| O|  |TAMS 0x0000000083900000| PB 0x0000000083900000| Untracked 
|   4|0x0000000083a00000, 0x0000000083b00000, 0x0000000083b00000|100%| O|  |TAMS 0x0000000083a00000| PB 0x0000000083a00000| Untracked 
|   5|0x0000000083b00000, 0x0000000083c00000, 0x0000000083c00000|100%| O|  |TAMS 0x0000000083b00000| PB 0x0000000083b00000| Untracked 
|   6|0x0000000083c00000, 0x0000000083d00000, 0x0000000083d00000|100%| O|  |TAMS 0x0000000083c00000| PB 0x0000000083c00000| Untracked 
|   7|0x0000000083d00000, 0x0000000083e00000, 0x0000000083e00000|100%| O|  |TAMS 0x0000000083d00000| PB 0x0000000083d00000| Untracked 
|   8|0x0000000083e00000, 0x0000000083f00000, 0x0000000083f00000|100%| O|  |TAMS 0x0000000083e00000| PB 0x0000000083e00000| Untracked 
|   9|0x0000000083f00000, 0x0000000084000000, 0x0000000084000000|100%| O|  |TAMS 0x0000000083f00000| PB 0x0000000083f00000| Untracked 
|  10|0x0000000084000000, 0x0000000084100000, 0x0000000084100000|100%| O|  |TAMS 0x0000000084000000| PB 0x0000000084000000| Untracked 
|  11|0x0000000084100000, 0x0000000084200000, 0x0000000084200000|100%| O|  |TAMS 0x0000000084100000| PB 0x0000000084100000| Untracked 
|  12|0x0000000084200000, 0x0000000084300000, 0x0000000084300000|100%| O|  |TAMS 0x0000000084200000| PB 0x0000000084200000| Untracked 
|  13|0x0000000084300000, 0x0000000084400000, 0x0000000084400000|100%| O|  |TAMS 0x0000000084300000| PB 0x0000000084300000| Untracked 
|  14|0x0000000084400000, 0x0000000084500000, 0x0000000084500000|100%| O|  |TAMS 0x0000000084400000| PB 0x0000000084400000| Untracked 
|  15|0x0000000084500000, 0x0000000084600000, 0x0000000084600000|100%| O|  |TAMS 0x0000000084500000| PB 0x0000000084500000| Untracked 
|  16|0x0000000084600000, 0x0000000084700000, 0x0000000084700000|100%| O|  |TAMS 0x0000000084600000| PB 0x0000000084600000| Untracked 
|  17|0x0000000084700000, 0x0000000084800000, 0x0000000084800000|100%| O|  |TAMS 0x0000000084700000| PB 0x0000000084700000| Untracked 
|  18|0x0000000084800000, 0x0000000084900000, 0x0000000084900000|100%| O|  |TAMS 0x0000000084800000| PB 0x0000000084800000| Untracked 
|  19|0x0000000084900000, 0x0000000084a00000, 0x0000000084a00000|100%| O|  |TAMS 0x0000000084900000| PB 0x0000000084900000| Untracked 
|  20|0x0000000084a00000, 0x0000000084b00000, 0x0000000084b00000|100%| O|  |TAMS 0x0000000084a00000| PB 0x0000000084a00000| Untracked 
|  21|0x0000000084b00000, 0x0000000084c00000, 0x0000000084c00000|100%| O|  |TAMS 0x0000000084b00000| PB 0x0000000084b00000| Untracked 
|  22|0x0000000084c00000, 0x0000000084d00000, 0x0000000084d00000|100%| O|  |TAMS 0x0000000084c00000| PB 0x0000000084c00000| Untracked 
|  23|0x0000000084d00000, 0x0000000084e00000, 0x0000000084e00000|100%| O|  |TAMS 0x0000000084d00000| PB 0x0000000084d00000| Untracked 
|  24|0x0000000084e00000, 0x0000000084f00000, 0x0000000084f00000|100%| O|  |TAMS 0x0000000084e00000| PB 0x0000000084e00000| Untracked 
|  25|0x0000000084f00000, 0x0000000085000000, 0x0000000085000000|100%| O|  |TAMS 0x0000000084f00000| PB 0x0000000084f00000| Untracked 
|  26|0x0000000085000000, 0x0000000085100000, 0x0000000085100000|100%| O|  |TAMS 0x0000000085000000| PB 0x0000000085000000| Untracked 
|  27|0x0000000085100000, 0x0000000085200000, 0x0000000085200000|100%| O|  |TAMS 0x0000000085100000| PB 0x0000000085100000| Untracked 
|  28|0x0000000085200000, 0x0000000085300000, 0x0000000085300000|100%| O|  |TAMS 0x0000000085200000| PB 0x0000000085200000| Untracked 
|  29|0x0000000085300000, 0x0000000085400000, 0x0000000085400000|100%| O|  |TAMS 0x0000000085300000| PB 0x0000000085300000| Untracked 
|  30|0x0000000085400000, 0x00000000854e5ec0, 0x0000000085500000| 89%| O|  |TAMS 0x0000000085400000| PB 0x0000000085400000| Untracked 
|  31|0x0000000085500000, 0x0000000085500000, 0x0000000085600000|  0%| F|  |TAMS 0x0000000085500000| PB 0x0000000085500000| Untracked 
|  32|0x0000000085600000, 0x0000000085600000, 0x0000000085700000|  0%| F|  |TAMS 0x0000000085600000| PB 0x0000000085600000| Untracked 
|  33|0x0000000085700000, 0x0000000085700000, 0x0000000085800000|  0%| F|  |TAMS 0x0000000085700000| PB 0x0000000085700000| Untracked 
|  34|0x0000000085800000, 0x0000000085800000, 0x0000000085900000|  0%| F|  |TAMS 0x0000000085800000| PB 0x0000000085800000| Untracked 
|  35|0x0000000085900000, 0x0000000085982e60, 0x0000000085a00000| 51%| S|CS|TAMS 0x0000000085900000| PB 0x0000000085900000| Complete 
|  36|0x0000000085a00000, 0x0000000085b00000, 0x0000000085b00000|100%| S|CS|TAMS 0x0000000085a00000| PB 0x0000000085a00000| Complete 
|  37|0x0000000085b00000, 0x0000000085c00000, 0x0000000085c00000|100%| S|CS|TAMS 0x0000000085b00000| PB 0x0000000085b00000| Complete 
|  38|0x0000000085c00000, 0x0000000085d00000, 0x0000000085d00000|100%| S|CS|TAMS 0x0000000085c00000| PB 0x0000000085c00000| Complete 
|  39|0x0000000085d00000, 0x0000000085e00000, 0x0000000085e00000|100%| S|CS|TAMS 0x0000000085d00000| PB 0x0000000085d00000| Complete 
|  40|0x0000000085e00000, 0x0000000085f00000, 0x0000000085f00000|100%| S|CS|TAMS 0x0000000085e00000| PB 0x0000000085e00000| Complete 
|  41|0x0000000085f00000, 0x0000000086000000, 0x0000000086000000|100%| S|CS|TAMS 0x0000000085f00000| PB 0x0000000085f00000| Complete 
|  42|0x0000000086000000, 0x0000000086100000, 0x0000000086100000|100%| S|CS|TAMS 0x0000000086000000| PB 0x0000000086000000| Complete 
|  43|0x0000000086100000, 0x0000000086100000, 0x0000000086200000|  0%| F|  |TAMS 0x0000000086100000| PB 0x0000000086100000| Untracked 
|  44|0x0000000086200000, 0x0000000086200000, 0x0000000086300000|  0%| F|  |TAMS 0x0000000086200000| PB 0x0000000086200000| Untracked 
|  45|0x0000000086300000, 0x0000000086300000, 0x0000000086400000|  0%| F|  |TAMS 0x0000000086300000| PB 0x0000000086300000| Untracked 
|  46|0x0000000086400000, 0x0000000086400000, 0x0000000086500000|  0%| F|  |TAMS 0x0000000086400000| PB 0x0000000086400000| Untracked 
|  47|0x0000000086500000, 0x0000000086500000, 0x0000000086600000|  0%| F|  |TAMS 0x0000000086500000| PB 0x0000000086500000| Untracked 
|  48|0x0000000086600000, 0x0000000086600000, 0x0000000086700000|  0%| F|  |TAMS 0x0000000086600000| PB 0x0000000086600000| Untracked 
|  49|0x0000000086700000, 0x0000000086700000, 0x0000000086800000|  0%| F|  |TAMS 0x0000000086700000| PB 0x0000000086700000| Untracked 
|  50|0x0000000086800000, 0x0000000086800000, 0x0000000086900000|  0%| F|  |TAMS 0x0000000086800000| PB 0x0000000086800000| Untracked 
|  51|0x0000000086900000, 0x0000000086900000, 0x0000000086a00000|  0%| F|  |TAMS 0x0000000086900000| PB 0x0000000086900000| Untracked 
|  52|0x0000000086a00000, 0x0000000086a00000, 0x0000000086b00000|  0%| F|  |TAMS 0x0000000086a00000| PB 0x0000000086a00000| Untracked 
|  53|0x0000000086b00000, 0x0000000086b00000, 0x0000000086c00000|  0%| F|  |TAMS 0x0000000086b00000| PB 0x0000000086b00000| Untracked 
|  54|0x0000000086c00000, 0x0000000086c00000, 0x0000000086d00000|  0%| F|  |TAMS 0x0000000086c00000| PB 0x0000000086c00000| Untracked 
|  55|0x0000000086d00000, 0x0000000086d00000, 0x0000000086e00000|  0%| F|  |TAMS 0x0000000086d00000| PB 0x0000000086d00000| Untracked 
|  56|0x0000000086e00000, 0x0000000086e00000, 0x0000000086f00000|  0%| F|  |TAMS 0x0000000086e00000| PB 0x0000000086e00000| Untracked 
|  57|0x0000000086f00000, 0x0000000086f00000, 0x0000000087000000|  0%| F|  |TAMS 0x0000000086f00000| PB 0x0000000086f00000| Untracked 
|  58|0x0000000087000000, 0x0000000087000000, 0x0000000087100000|  0%| F|  |TAMS 0x0000000087000000| PB 0x0000000087000000| Untracked 
|  59|0x0000000087100000, 0x0000000087100000, 0x0000000087200000|  0%| F|  |TAMS 0x0000000087100000| PB 0x0000000087100000| Untracked 
|  60|0x0000000087200000, 0x0000000087200000, 0x0000000087300000|  0%| F|  |TAMS 0x0000000087200000| PB 0x0000000087200000| Untracked 
|  61|0x0000000087300000, 0x0000000087300000, 0x0000000087400000|  0%| F|  |TAMS 0x0000000087300000| PB 0x0000000087300000| Untracked 
|  62|0x0000000087400000, 0x0000000087400000, 0x0000000087500000|  0%| F|  |TAMS 0x0000000087400000| PB 0x0000000087400000| Untracked 
|  63|0x0000000087500000, 0x0000000087500000, 0x0000000087600000|  0%| F|  |TAMS 0x0000000087500000| PB 0x0000000087500000| Untracked 
|  64|0x0000000087600000, 0x00000000876884c8, 0x0000000087700000| 53%| E|  |TAMS 0x0000000087600000| PB 0x0000000087600000| Complete 
|  65|0x0000000087700000, 0x0000000087800000, 0x0000000087800000|100%| E|CS|TAMS 0x0000000087700000| PB 0x0000000087700000| Complete 
|  66|0x0000000087800000, 0x0000000087900000, 0x0000000087900000|100%| E|CS|TAMS 0x0000000087800000| PB 0x0000000087800000| Complete 
|  67|0x0000000087900000, 0x0000000087a00000, 0x0000000087a00000|100%| E|CS|TAMS 0x0000000087900000| PB 0x0000000087900000| Complete 
|  68|0x0000000087a00000, 0x0000000087b00000, 0x0000000087b00000|100%| E|CS|TAMS 0x0000000087a00000| PB 0x0000000087a00000| Complete 
|  69|0x0000000087b00000, 0x0000000087c00000, 0x0000000087c00000|100%| E|CS|TAMS 0x0000000087b00000| PB 0x0000000087b00000| Complete 
|  70|0x0000000087c00000, 0x0000000087d00000, 0x0000000087d00000|100%| E|CS|TAMS 0x0000000087c00000| PB 0x0000000087c00000| Complete 
|  71|0x0000000087d00000, 0x0000000087e00000, 0x0000000087e00000|100%| E|CS|TAMS 0x0000000087d00000| PB 0x0000000087d00000| Complete 
|  72|0x0000000087e00000, 0x0000000087f00000, 0x0000000087f00000|100%| E|CS|TAMS 0x0000000087e00000| PB 0x0000000087e00000| Complete 
|  73|0x0000000087f00000, 0x0000000088000000, 0x0000000088000000|100%| E|CS|TAMS 0x0000000087f00000| PB 0x0000000087f00000| Complete 
|  74|0x0000000088000000, 0x00000000880fffd0, 0x0000000088100000| 99%| E|  |TAMS 0x0000000088000000| PB 0x0000000088000000| Complete 
|  75|0x0000000088100000, 0x0000000088200000, 0x0000000088200000|100%| E|CS|TAMS 0x0000000088100000| PB 0x0000000088100000| Complete 
|  76|0x0000000088200000, 0x0000000088300000, 0x0000000088300000|100%| E|CS|TAMS 0x0000000088200000| PB 0x0000000088200000| Complete 
|  77|0x0000000088300000, 0x0000000088400000, 0x0000000088400000|100%| E|CS|TAMS 0x0000000088300000| PB 0x0000000088300000| Complete 
|  78|0x0000000088400000, 0x0000000088500000, 0x0000000088500000|100%| E|CS|TAMS 0x0000000088400000| PB 0x0000000088400000| Complete 
|  79|0x0000000088500000, 0x0000000088600000, 0x0000000088600000|100%| E|CS|TAMS 0x0000000088500000| PB 0x0000000088500000| Complete 
|  80|0x0000000088600000, 0x0000000088700000, 0x0000000088700000|100%| E|CS|TAMS 0x0000000088600000| PB 0x0000000088600000| Complete 
|  81|0x0000000088700000, 0x0000000088800000, 0x0000000088800000|100%| E|CS|TAMS 0x0000000088700000| PB 0x0000000088700000| Complete 
|  82|0x0000000088800000, 0x0000000088900000, 0x0000000088900000|100%| E|CS|TAMS 0x0000000088800000| PB 0x0000000088800000| Complete 
|  83|0x0000000088900000, 0x0000000088a00000, 0x0000000088a00000|100%| E|CS|TAMS 0x0000000088900000| PB 0x0000000088900000| Complete 
|  84|0x0000000088a00000, 0x0000000088b00000, 0x0000000088b00000|100%| E|CS|TAMS 0x0000000088a00000| PB 0x0000000088a00000| Complete 
|  85|0x0000000088b00000, 0x0000000088c00000, 0x0000000088c00000|100%| E|CS|TAMS 0x0000000088b00000| PB 0x0000000088b00000| Complete 
|  86|0x0000000088c00000, 0x0000000088d00000, 0x0000000088d00000|100%| E|CS|TAMS 0x0000000088c00000| PB 0x0000000088c00000| Complete 
|  87|0x0000000088d00000, 0x0000000088e00000, 0x0000000088e00000|100%| E|CS|TAMS 0x0000000088d00000| PB 0x0000000088d00000| Complete 
|  88|0x0000000088e00000, 0x0000000088f00000, 0x0000000088f00000|100%| E|CS|TAMS 0x0000000088e00000| PB 0x0000000088e00000| Complete 
|  89|0x0000000088f00000, 0x0000000089000000, 0x0000000089000000|100%| E|CS|TAMS 0x0000000088f00000| PB 0x0000000088f00000| Complete 
|  90|0x0000000089000000, 0x0000000089100000, 0x0000000089100000|100%| E|CS|TAMS 0x0000000089000000| PB 0x0000000089000000| Complete 
|  91|0x0000000089100000, 0x0000000089200000, 0x0000000089200000|100%| E|CS|TAMS 0x0000000089100000| PB 0x0000000089100000| Complete 
|  92|0x0000000089200000, 0x0000000089300000, 0x0000000089300000|100%| E|CS|TAMS 0x0000000089200000| PB 0x0000000089200000| Complete 
|  93|0x0000000089300000, 0x0000000089400000, 0x0000000089400000|100%| E|CS|TAMS 0x0000000089300000| PB 0x0000000089300000| Complete 
|  94|0x0000000089400000, 0x0000000089500000, 0x0000000089500000|100%| E|CS|TAMS 0x0000000089400000| PB 0x0000000089400000| Complete 
|  95|0x0000000089500000, 0x0000000089600000, 0x0000000089600000|100%| E|CS|TAMS 0x0000000089500000| PB 0x0000000089500000| Complete 
|  96|0x0000000089600000, 0x0000000089700000, 0x0000000089700000|100%| E|CS|TAMS 0x0000000089600000| PB 0x0000000089600000| Complete 
|  97|0x0000000089700000, 0x0000000089800000, 0x0000000089800000|100%| E|CS|TAMS 0x0000000089700000| PB 0x0000000089700000| Complete 
|  98|0x0000000089800000, 0x0000000089900000, 0x0000000089900000|100%| E|CS|TAMS 0x0000000089800000| PB 0x0000000089800000| Complete 
|  99|0x0000000089900000, 0x0000000089a00000, 0x0000000089a00000|100%| E|CS|TAMS 0x0000000089900000| PB 0x0000000089900000| Complete 
| 100|0x0000000089a00000, 0x0000000089b00000, 0x0000000089b00000|100%| E|CS|TAMS 0x0000000089a00000| PB 0x0000000089a00000| Complete 
| 101|0x0000000089b00000, 0x0000000089c00000, 0x0000000089c00000|100%| E|CS|TAMS 0x0000000089b00000| PB 0x0000000089b00000| Complete 
| 102|0x0000000089c00000, 0x0000000089d00000, 0x0000000089d00000|100%| E|CS|TAMS 0x0000000089c00000| PB 0x0000000089c00000| Complete 
| 103|0x0000000089d00000, 0x0000000089e00000, 0x0000000089e00000|100%| E|CS|TAMS 0x0000000089d00000| PB 0x0000000089d00000| Complete 
| 104|0x0000000089e00000, 0x0000000089f00000, 0x0000000089f00000|100%| E|CS|TAMS 0x0000000089e00000| PB 0x0000000089e00000| Complete 
| 124|0x000000008b200000, 0x000000008b300000, 0x000000008b300000|100%| E|CS|TAMS 0x000000008b200000| PB 0x000000008b200000| Complete 
| 125|0x000000008b300000, 0x000000008b400000, 0x000000008b400000|100%| E|CS|TAMS 0x000000008b300000| PB 0x000000008b300000| Complete 

Card table byte_map: [0x0000016ce5960000,0x0000016ce5d50000] _byte_map_base: 0x0000016ce5545000

Marking Bits: (CMBitMap*) 0x0000016cdeb3dbf0
 Bits: [0x0000016ce5d50000, 0x0000016ce7c78000)

Polling page: 0x0000016cdca70000

Metaspace:

Usage:
  Non-class:     66.93 MB used.
      Class:     10.87 MB used.
       Both:     77.80 MB used.

Virtual space:
  Non-class space:      128.00 MB reserved,      67.31 MB ( 53%) committed,  2 nodes.
      Class space:        1.00 GB reserved,      11.25 MB (  1%) committed,  1 nodes.
             Both:        1.12 GB reserved,      78.56 MB (  7%) committed. 

Chunk freelists:
   Non-Class:  12.64 MB
       Class:  4.61 MB
        Both:  17.25 MB

MaxMetaspaceSize: unlimited
CompressedClassSpaceSize: 1.00 GB
Initial GC threshold: 21.00 MB
Current GC threshold: 92.62 MB
CDS: on
 - commit_granule_bytes: 65536.
 - commit_granule_words: 8192.
 - virtual_space_node_default_size: 8388608.
 - enlarge_chunks_in_place: 1.
 - use_allocation_guard: 0.


Internal statistics:

num_allocs_failed_limit: 6.
num_arena_births: 1098.
num_arena_deaths: 0.
num_vsnodes_births: 3.
num_vsnodes_deaths: 0.
num_space_committed: 1257.
num_space_uncommitted: 0.
num_chunks_returned_to_freelist: 6.
num_chunks_taken_from_freelist: 3802.
num_chunk_merges: 6.
num_chunk_splits: 2808.
num_chunks_enlarged: 2221.
num_inconsistent_stats: 0.

CodeCache: size=49152Kb used=15285Kb max_used=15820Kb free=33866Kb
 bounds [0x0000016ce2460000, 0x0000016ce33e0000, 0x0000016ce5460000]
 total_blobs=9101 nmethods=8337 adapters=687
 compilation: enabled
              stopped_count=0, restarted_count=0
 full_count=0

Compilation events (20 events):
Event: 89.063 Thread 0x0000016cea752260 8398       1       java.util.concurrent.locks.AbstractQueuedSynchronizer$Node::setPrevRelaxed (12 bytes)
Event: 89.063 Thread 0x0000016cea752260 nmethod 8398 0x0000016ce2f61a10 code [0x0000016ce2f61ba0, 0x0000016ce2f61cc0]
Event: 89.063 Thread 0x0000016cea752260 8399       1       java.util.concurrent.locks.AbstractQueuedSynchronizer::casTail (13 bytes)
Event: 89.063 Thread 0x0000016cea752260 nmethod 8399 0x0000016ce2f61690 code [0x0000016ce2f61820, 0x0000016ce2f61948]
Event: 90.064 Thread 0x0000016cea752260 8400       1       java.util.concurrent.ThreadPoolExecutor::workerCountOf (5 bytes)
Event: 90.064 Thread 0x0000016cea752260 nmethod 8400 0x0000016ce2f61390 code [0x0000016ce2f61520, 0x0000016ce2f615d0]
Event: 92.837 Thread 0x0000016cea752260 8401       1       java.util.concurrent.ThreadPoolExecutor::getQueue (5 bytes)
Event: 92.837 Thread 0x0000016cea752260 nmethod 8401 0x0000016ce2f61090 code [0x0000016ce2f61220, 0x0000016ce2f612e8]
Event: 114.062 Thread 0x0000016cea752260 8402       1       java.util.concurrent.locks.AbstractQueuedSynchronizer$ConditionObject::doSignal (62 bytes)
Event: 114.063 Thread 0x0000016cea752260 nmethod 8402 0x0000016ce2f60a90 code [0x0000016ce2f60c40, 0x0000016ce2f60ec8]
Event: 114.063 Thread 0x0000016cea752260 8403       1       java.util.concurrent.locks.AbstractQueuedSynchronizer::enqueue (72 bytes)
Event: 114.064 Thread 0x0000016cea752260 nmethod 8403 0x0000016ce2f60310 code [0x0000016ce2f60500, 0x0000016ce2f608c0]
Event: 121.067 Thread 0x0000016cea752260 8404       1       java.security.AccessController::checkContext (49 bytes)
Event: 121.067 Thread 0x0000016cea752260 nmethod 8404 0x0000016ce2f60010 code [0x0000016ce2f601a0, 0x0000016ce2f60248]
Event: 122.996 Thread 0x0000016cea752260 8405   !   1       java.util.concurrent.locks.LockSupport::parkNanos (56 bytes)
Event: 122.996 Thread 0x0000016cea752260 nmethod 8405 0x0000016ce2f5f910 code [0x0000016ce2f5fae0, 0x0000016ce2f5fe58]
Event: 132.438 Thread 0x0000016cea752260 8406       1       java.io.ObjectStreamClass::getSuperDesc (9 bytes)
Event: 132.438 Thread 0x0000016cea752260 nmethod 8406 0x0000016ce2f5f510 code [0x0000016ce2f5f6c0, 0x0000016ce2f5f838]
Event: 132.883 Thread 0x0000016cea752260 8407       1       org.apache.catalina.webresources.CachedResource::getNextCheck (5 bytes)
Event: 132.884 Thread 0x0000016cea752260 nmethod 8407 0x0000016ce2f5f210 code [0x0000016ce2f5f3a0, 0x0000016ce2f5f470]

GC Heap History (20 events):
Event: 8.224 GC heap before
{Heap before GC invocations=14 (full 0):
 garbage-first heap   total 75776K, used 65941K [0x0000000083600000, 0x0000000100000000)
  region size 1024K, 44 young (45056K), 3 survivors (3072K)
 Metaspace       used 47356K, committed 47936K, reserved 1114112K
  class space    used 6318K, committed 6592K, reserved 1048576K
}
Event: 8.228 GC heap after
{Heap after GC invocations=15 (full 0):
 garbage-first heap   total 75776K, used 25884K [0x0000000083600000, 0x0000000100000000)
  region size 1024K, 5 young (5120K), 5 survivors (5120K)
 Metaspace       used 47356K, committed 47936K, reserved 1114112K
  class space    used 6318K, committed 6592K, reserved 1048576K
}
Event: 8.495 GC heap before
{Heap before GC invocations=15 (full 0):
 garbage-first heap   total 75776K, used 64796K [0x0000000083600000, 0x0000000100000000)
  region size 1024K, 43 young (44032K), 5 survivors (5120K)
 Metaspace       used 50890K, committed 51456K, reserved 1114112K
  class space    used 6804K, committed 7040K, reserved 1048576K
}
Event: 8.500 GC heap after
{Heap after GC invocations=16 (full 0):
 garbage-first heap   total 75776K, used 26819K [0x0000000083600000, 0x0000000100000000)
  region size 1024K, 4 young (4096K), 4 survivors (4096K)
 Metaspace       used 50890K, committed 51456K, reserved 1114112K
  class space    used 6804K, committed 7040K, reserved 1048576K
}
Event: 8.759 GC heap before
{Heap before GC invocations=16 (full 0):
 garbage-first heap   total 75776K, used 65731K [0x0000000083600000, 0x0000000100000000)
  region size 1024K, 42 young (43008K), 4 survivors (4096K)
 Metaspace       used 54950K, committed 55552K, reserved 1114112K
  class space    used 7417K, committed 7680K, reserved 1048576K
}
Event: 8.762 GC heap after
{Heap after GC invocations=17 (full 0):
 garbage-first heap   total 91136K, used 27675K [0x0000000083600000, 0x0000000100000000)
  region size 1024K, 4 young (4096K), 4 survivors (4096K)
 Metaspace       used 54950K, committed 55552K, reserved 1114112K
  class space    used 7417K, committed 7680K, reserved 1048576K
}
Event: 8.817 GC heap before
{Heap before GC invocations=17 (full 0):
 garbage-first heap   total 91136K, used 33819K [0x0000000083600000, 0x0000000100000000)
  region size 1024K, 11 young (11264K), 4 survivors (4096K)
 Metaspace       used 56068K, committed 56640K, reserved 1114112K
  class space    used 7522K, committed 7808K, reserved 1048576K
}
Event: 8.821 GC heap after
{Heap after GC invocations=18 (full 0):
 garbage-first heap   total 91136K, used 27720K [0x0000000083600000, 0x0000000100000000)
  region size 1024K, 4 young (4096K), 4 survivors (4096K)
 Metaspace       used 56068K, committed 56640K, reserved 1114112K
  class space    used 7522K, committed 7808K, reserved 1048576K
}
Event: 9.201 GC heap before
{Heap before GC invocations=19 (full 0):
 garbage-first heap   total 91136K, used 77896K [0x0000000083600000, 0x0000000100000000)
  region size 1024K, 53 young (54272K), 4 survivors (4096K)
 Metaspace       used 58991K, committed 59584K, reserved 1114112K
  class space    used 8109K, committed 8384K, reserved 1048576K
}
Event: 9.204 GC heap after
{Heap after GC invocations=20 (full 0):
 garbage-first heap   total 91136K, used 28305K [0x0000000083600000, 0x0000000100000000)
  region size 1024K, 5 young (5120K), 5 survivors (5120K)
 Metaspace       used 58991K, committed 59584K, reserved 1114112K
  class space    used 8109K, committed 8384K, reserved 1048576K
}
Event: 9.671 GC heap before
{Heap before GC invocations=20 (full 0):
 garbage-first heap   total 91136K, used 77457K [0x0000000083600000, 0x0000000100000000)
  region size 1024K, 53 young (54272K), 5 survivors (5120K)
 Metaspace       used 63604K, committed 64256K, reserved 1114112K
  class space    used 8739K, committed 9024K, reserved 1048576K
}
Event: 9.675 GC heap after
{Heap after GC invocations=21 (full 0):
 garbage-first heap   total 91136K, used 30501K [0x0000000083600000, 0x0000000100000000)
  region size 1024K, 5 young (5120K), 5 survivors (5120K)
 Metaspace       used 63604K, committed 64256K, reserved 1114112K
  class space    used 8739K, committed 9024K, reserved 1048576K
}
Event: 9.983 GC heap before
{Heap before GC invocations=21 (full 0):
 garbage-first heap   total 91136K, used 79653K [0x0000000083600000, 0x0000000100000000)
  region size 1024K, 53 young (54272K), 5 survivors (5120K)
 Metaspace       used 66363K, committed 67072K, reserved 1114112K
  class space    used 9125K, committed 9472K, reserved 1048576K
}
Event: 9.988 GC heap after
{Heap after GC invocations=22 (full 0):
 garbage-first heap   total 91136K, used 31631K [0x0000000083600000, 0x0000000100000000)
  region size 1024K, 5 young (5120K), 5 survivors (5120K)
 Metaspace       used 66363K, committed 67072K, reserved 1114112K
  class space    used 9125K, committed 9472K, reserved 1048576K
}
Event: 10.273 GC heap before
{Heap before GC invocations=22 (full 0):
 garbage-first heap   total 91136K, used 79759K [0x0000000083600000, 0x0000000100000000)
  region size 1024K, 52 young (53248K), 5 survivors (5120K)
 Metaspace       used 68119K, committed 68800K, reserved 1114112K
  class space    used 9449K, committed 9792K, reserved 1048576K
}
Event: 10.279 GC heap after
{Heap after GC invocations=23 (full 0):
 garbage-first heap   total 109568K, used 33233K [0x0000000083600000, 0x0000000100000000)
  region size 1024K, 6 young (6144K), 6 survivors (6144K)
 Metaspace       used 68119K, committed 68800K, reserved 1114112K
  class space    used 9449K, committed 9792K, reserved 1048576K
}
Event: 10.697 GC heap before
{Heap before GC invocations=23 (full 0):
 garbage-first heap   total 109568K, used 91601K [0x0000000083600000, 0x0000000100000000)
  region size 1024K, 64 young (65536K), 6 survivors (6144K)
 Metaspace       used 71750K, committed 72512K, reserved 1114112K
  class space    used 10065K, committed 10432K, reserved 1048576K
}
Event: 10.702 GC heap after
{Heap after GC invocations=24 (full 0):
 garbage-first heap   total 109568K, used 35998K [0x0000000083600000, 0x0000000100000000)
  region size 1024K, 6 young (6144K), 6 survivors (6144K)
 Metaspace       used 71750K, committed 72512K, reserved 1114112K
  class space    used 10065K, committed 10432K, reserved 1048576K
}
Event: 11.555 GC heap before
{Heap before GC invocations=24 (full 0):
 garbage-first heap   total 109568K, used 94366K [0x0000000083600000, 0x0000000100000000)
  region size 1024K, 64 young (65536K), 6 survivors (6144K)
 Metaspace       used 76415K, committed 77248K, reserved 1179648K
  class space    used 10699K, committed 11072K, reserved 1048576K
}
Event: 11.564 GC heap after
{Heap after GC invocations=25 (full 0):
 garbage-first heap   total 109568K, used 39331K [0x0000000083600000, 0x0000000100000000)
  region size 1024K, 8 young (8192K), 8 survivors (8192K)
 Metaspace       used 76415K, committed 77248K, reserved 1179648K
  class space    used 10699K, committed 11072K, reserved 1048576K
}

Dll operation events (12 events):
Event: 0.008 Loaded shared library D:\code\sts-4.28.1.RELEASE\plugins\org.eclipse.justj.openjdk.hotspot.jre.full.win32.x86_64_21.0.6.v20250130-0529\jre\bin\java.dll
Event: 0.034 Loaded shared library D:\code\sts-4.28.1.RELEASE\plugins\org.eclipse.justj.openjdk.hotspot.jre.full.win32.x86_64_21.0.6.v20250130-0529\jre\bin\zip.dll
Event: 0.221 Loaded shared library D:\code\sts-4.28.1.RELEASE\plugins\org.eclipse.justj.openjdk.hotspot.jre.full.win32.x86_64_21.0.6.v20250130-0529\jre\bin\instrument.dll
Event: 0.226 Loaded shared library D:\code\sts-4.28.1.RELEASE\plugins\org.eclipse.justj.openjdk.hotspot.jre.full.win32.x86_64_21.0.6.v20250130-0529\jre\bin\net.dll
Event: 0.226 Loaded shared library D:\code\sts-4.28.1.RELEASE\plugins\org.eclipse.justj.openjdk.hotspot.jre.full.win32.x86_64_21.0.6.v20250130-0529\jre\bin\nio.dll
Event: 0.229 Loaded shared library D:\code\sts-4.28.1.RELEASE\plugins\org.eclipse.justj.openjdk.hotspot.jre.full.win32.x86_64_21.0.6.v20250130-0529\jre\bin\zip.dll
Event: 0.377 Loaded shared library D:\code\sts-4.28.1.RELEASE\plugins\org.eclipse.justj.openjdk.hotspot.jre.full.win32.x86_64_21.0.6.v20250130-0529\jre\bin\jimage.dll
Event: 0.422 Loaded shared library D:\code\sts-4.28.1.RELEASE\plugins\org.eclipse.justj.openjdk.hotspot.jre.full.win32.x86_64_21.0.6.v20250130-0529\jre\bin\management.dll
Event: 0.432 Loaded shared library D:\code\sts-4.28.1.RELEASE\plugins\org.eclipse.justj.openjdk.hotspot.jre.full.win32.x86_64_21.0.6.v20250130-0529\jre\bin\management_ext.dll
Event: 0.643 Loaded shared library D:\code\sts-4.28.1.RELEASE\plugins\org.eclipse.justj.openjdk.hotspot.jre.full.win32.x86_64_21.0.6.v20250130-0529\jre\bin\extnet.dll
Event: 0.677 Loaded shared library D:\code\sts-4.28.1.RELEASE\plugins\org.eclipse.justj.openjdk.hotspot.jre.full.win32.x86_64_21.0.6.v20250130-0529\jre\bin\verify.dll
Event: 1.814 Loaded shared library D:\code\sts-4.28.1.RELEASE\plugins\org.eclipse.justj.openjdk.hotspot.jre.full.win32.x86_64_21.0.6.v20250130-0529\jre\bin\sunmscapi.dll

Deoptimization events (20 events):
Event: 17.497 Thread 0x0000016cf1a9cd50 DEOPT PACKING pc=0x0000016ce28d218c sp=0x00000055021face0
Event: 17.497 Thread 0x0000016cf1a9cd50 DEOPT UNPACKING pc=0x0000016ce24b4e42 sp=0x00000055021fa1b8 mode 1
Event: 17.497 Thread 0x0000016cf1a9cd50 DEOPT PACKING pc=0x0000016ce29282d9 sp=0x00000055021fa140
Event: 17.497 Thread 0x0000016cf1a9cd50 DEOPT UNPACKING pc=0x0000016ce24b4e42 sp=0x00000055021f9598 mode 1
Event: 17.497 Thread 0x0000016cf1a9cd50 DEOPT PACKING pc=0x0000016ce292762c sp=0x00000055021fa1d0
Event: 17.497 Thread 0x0000016cf1a9cd50 DEOPT UNPACKING pc=0x0000016ce24b4e42 sp=0x00000055021f9678 mode 1
Event: 17.497 Thread 0x0000016cf1a9cd50 DEOPT PACKING pc=0x0000016ce28d1e14 sp=0x00000055021fac50
Event: 17.497 Thread 0x0000016cf1a9cd50 DEOPT UNPACKING pc=0x0000016ce24b4e42 sp=0x00000055021fa118 mode 1
Event: 17.497 Thread 0x0000016cf1a9cd50 DEOPT PACKING pc=0x0000016ce28d218c sp=0x00000055021face0
Event: 17.497 Thread 0x0000016cf1a9cd50 DEOPT UNPACKING pc=0x0000016ce24b4e42 sp=0x00000055021fa1b8 mode 1
Event: 33.513 Thread 0x0000016cf1a9fb40 DEOPT PACKING pc=0x0000016ce2b9f32f sp=0x0000005501efc810
Event: 33.513 Thread 0x0000016cf1a9fb40 DEOPT UNPACKING pc=0x0000016ce24b4e42 sp=0x0000005501efbdb0 mode 1
Event: 47.374 Thread 0x0000016cf1a9f4b0 DEOPT PACKING pc=0x0000016ce2b9f32f sp=0x00000055023fcd90
Event: 47.374 Thread 0x0000016cf1a9f4b0 DEOPT UNPACKING pc=0x0000016ce24b4e42 sp=0x00000055023fc330 mode 1
Event: 52.761 Thread 0x0000016cf1a9f4b0 DEOPT PACKING pc=0x0000016ce2b9f32f sp=0x00000055023fc6d0
Event: 52.761 Thread 0x0000016cf1a9f4b0 DEOPT UNPACKING pc=0x0000016ce24b4e42 sp=0x00000055023fbc70 mode 1
Event: 61.820 Thread 0x0000016cf1a9e100 DEOPT PACKING pc=0x0000016ce2b9f32f sp=0x00000055020fc1d0
Event: 61.821 Thread 0x0000016cf1a9e100 DEOPT UNPACKING pc=0x0000016ce24b4e42 sp=0x00000055020fb770 mode 1
Event: 137.704 Thread 0x0000016cf1a9e100 DEOPT PACKING pc=0x0000016ce2fd5eb4 sp=0x00000055020fc9e0
Event: 137.704 Thread 0x0000016cf1a9e100 DEOPT UNPACKING pc=0x0000016ce24b4e42 sp=0x00000055020fbe88 mode 0

Classes loaded (20 events):
Event: 11.582 Loading class org/w3c/dom/Document
Event: 11.582 Loading class org/w3c/dom/Document done
Event: 11.618 Loading class sun/nio/cs/US_ASCII$Decoder
Event: 11.618 Loading class sun/nio/cs/US_ASCII$Decoder done
Event: 11.746 Loading class java/io/WriteAbortedException
Event: 11.746 Loading class java/io/WriteAbortedException done
Event: 11.747 Loading class sun/security/provider/SecureRandom
Event: 11.748 Loading class sun/security/provider/SecureRandom done
Event: 11.748 Loading class sun/security/provider/SecureRandom$SeederHolder
Event: 11.748 Loading class sun/security/provider/SecureRandom$SeederHolder done
Event: 11.757 Loading class java/io/PrintWriter$1
Event: 11.757 Loading class jdk/internal/access/JavaIOPrintWriterAccess
Event: 11.757 Loading class jdk/internal/access/JavaIOPrintWriterAccess done
Event: 11.757 Loading class java/io/PrintWriter$1 done
Event: 11.765 Loading class sun/net/ConnectionResetException
Event: 11.765 Loading class sun/net/ConnectionResetException done
Event: 21.005 Loading class java/io/PushbackInputStream
Event: 21.005 Loading class java/io/PushbackInputStream done
Event: 33.518 Loading class java/lang/Throwable$WrappedPrintStream
Event: 33.518 Loading class java/lang/Throwable$WrappedPrintStream done

Classes unloaded (0 events):
No events

Classes redefined (1 events):
Event: 137.729 Thread 0x0000016cea723da0 redefined class name=com.thanglong.chonlichthilai.dangkylichthilai.DangKyLichThiLaiController, count=1

Internal exceptions (20 events):
Event: 9.887 Thread 0x0000016cdc790530 Exception <a 'java/io/FileNotFoundException'{0x0000000087106708}> (0x0000000087106708) 
thrown [s\src\hotspot\share\prims\jni.cpp, line 520]
Event: 9.887 Thread 0x0000016cdc790530 Exception <a 'java/io/FileNotFoundException'{0x0000000087110958}> (0x0000000087110958) 
thrown [s\src\hotspot\share\prims\jni.cpp, line 520]
Event: 10.632 Thread 0x0000016cdc790530 Exception <a 'java/lang/NoSuchMethodError'{0x0000000086cdff90}: 'java.lang.Object java.lang.invoke.DirectMethodHandle$Holder.invokeInterface(java.lang.Object, java.lang.Object, java.lang.Object, java.lang.Object)'> (0x0000000086cdff90) 
thrown [s\src\hotspot\share\interpreter\linkResolver.cpp, line 773]
Event: 10.658 Thread 0x0000016cdc790530 Exception <a 'java/lang/NoSuchMethodError'{0x0000000086a72970}: 'java.lang.Object java.lang.invoke.DirectMethodHandle$Holder.newInvokeSpecial(java.lang.Object, java.lang.Object, java.lang.Object, java.lang.Object, java.lang.Object, java.lang.Object, java.lang.Object, java.lang.Object)'> (0x0000000086a72970) 
thrown [s\src\hotspot\share\interpreter\linkResolver.cpp, line 773]
Event: 10.840 Thread 0x0000016cdc790530 Exception <a 'java/lang/IncompatibleClassChangeError'{0x000000008919b550}: Found class java.lang.Object, but interface was expected> (0x000000008919b550) 
thrown [s\src\hotspot\share\interpreter\linkResolver.cpp, line 840]
Event: 10.865 Thread 0x0000016cdc790530 Exception <a 'java/lang/NoSuchMethodError'{0x0000000088e734b8}: 'void java.lang.invoke.DirectMethodHandle$Holder.invokeVirtual(java.lang.Object, java.lang.Object, long)'> (0x0000000088e734b8) 
thrown [s\src\hotspot\share\interpreter\linkResolver.cpp, line 773]
Event: 10.909 Thread 0x0000016cdc790530 Exception <a 'java/lang/NoSuchMethodError'{0x0000000088660160}: 'int java.lang.invoke.DirectMethodHandle$Holder.invokeStaticInit(java.lang.Object, java.lang.Object, java.lang.Object, java.lang.Object)'> (0x0000000088660160) 
thrown [s\src\hotspot\share\interpreter\linkResolver.cpp, line 773]
Event: 10.940 Thread 0x0000016cdc790530 Exception <a 'java/lang/IncompatibleClassChangeError'{0x0000000088325ab8}: Found class java.lang.Object, but interface was expected> (0x0000000088325ab8) 
thrown [s\src\hotspot\share\interpreter\linkResolver.cpp, line 840]
Event: 11.037 Thread 0x0000016cdc790530 Exception <a 'java/lang/NoSuchMethodError'{0x00000000877066e0}: 'java.lang.Object java.lang.invoke.DirectMethodHandle$Holder.newInvokeSpecial(java.lang.Object, java.lang.Object, int, java.lang.Object, java.lang.Object)'> (0x00000000877066e0) 
thrown [s\src\hotspot\share\interpreter\linkResolver.cpp, line 773]
Event: 11.038 Thread 0x0000016cdc790530 Exception <a 'java/lang/NoSuchMethodError'{0x00000000877114b0}: 'java.lang.Object java.lang.invoke.DirectMethodHandle$Holder.invokeSpecial(java.lang.Object, java.lang.Object, int, java.lang.Object, int, java.lang.Object)'> (0x00000000877114b0) 
thrown [s\src\hotspot\share\interpreter\linkResolver.cpp, line 773]
Event: 11.038 Thread 0x0000016cdc790530 Exception <a 'java/lang/NoSuchMethodError'{0x00000000877187e0}: 'java.lang.Object java.lang.invoke.DirectMethodHandle$Holder.newInvokeSpecial(java.lang.Object, java.lang.Object, int, java.lang.Object, int)'> (0x00000000877187e0) 
thrown [s\src\hotspot\share\interpreter\linkResolver.cpp, line 773]
Event: 11.038 Thread 0x0000016cdc790530 Exception <a 'java/lang/NoSuchMethodError'{0x000000008771c6f0}: 'java.lang.Object java.lang.invoke.DirectMethodHandle$Holder.invokeSpecial(java.lang.Object, java.lang.Object, java.lang.Object, int, java.lang.Object, int)'> (0x000000008771c6f0) 
thrown [s\src\hotspot\share\interpreter\linkResolver.cpp, line 773]
Event: 11.293 Thread 0x0000016cf1a9fb40 Exception <a 'java/lang/NoSuchMethodError'{0x00000000870b2f60}: 'java.lang.Object java.lang.invoke.DirectMethodHandle$Holder.invokeSpecial(java.lang.Object, java.lang.Object, java.lang.Object, java.lang.Object, java.lang.Object, long)'> (0x00000000870b2f60) 
thrown [s\src\hotspot\share\interpreter\linkResolver.cpp, line 773]
Event: 11.293 Thread 0x0000016cf1a9fb40 Exception <a 'java/lang/NoSuchMethodError'{0x00000000870b6740}: 'java.lang.Object java.lang.invoke.Invokers$Holder.linkToTargetMethod(java.lang.Object, java.lang.Object, java.lang.Object, long, java.lang.Object)'> (0x00000000870b6740) 
thrown [s\src\hotspot\share\interpreter\linkResolver.cpp, line 773]
Event: 11.351 Thread 0x0000016cf1a9fb40 Exception <a 'java/lang/NoSuchMethodError'{0x0000000086bbb4d8}: 'java.lang.Object java.lang.invoke.DirectMethodHandle$Holder.invokeStatic(java.lang.Object, int, int)'> (0x0000000086bbb4d8) 
thrown [s\src\hotspot\share\interpreter\linkResolver.cpp, line 773]
Event: 11.765 Thread 0x0000016cf1a9f4b0 Exception <a 'java/io/IOException'{0x0000000089925098}> (0x0000000089925098) 
thrown [s\src\hotspot\share\prims\jni.cpp, line 520]
Event: 11.989 Thread 0x0000016cf1aa01d0 Exception <a 'java/io/IOException'{0x000000008995a598}> (0x000000008995a598) 
thrown [s\src\hotspot\share\prims\jni.cpp, line 520]
Event: 17.454 Thread 0x0000016cf1a9cd50 Exception <a 'java/lang/NoSuchMethodError'{0x0000000088a402e8}: 'void java.lang.invoke.DirectMethodHandle$Holder.invokeSpecialIFC(java.lang.Object, java.lang.Object, int, java.lang.Object, java.lang.Object, java.lang.Object, java.lang.Object)'> (0x0000000088a402e8) 
thrown [s\src\hotspot\share\interpreter\linkResolver.cpp, line 773]
Event: 47.367 Thread 0x0000016cf1a9d3e0 Exception <a 'java/io/IOException'{0x0000000087e291d0}> (0x0000000087e291d0) 
thrown [s\src\hotspot\share\prims\jni.cpp, line 520]
Event: 47.368 Thread 0x0000016cf1a9d3e0 Exception <a 'java/io/IOException'{0x0000000087944e50}> (0x0000000087944e50) 
thrown [s\src\hotspot\share\prims\jni.cpp, line 520]

ZGC Phase Switch (0 events):
No events

VM Operations (20 events):
Event: 68.348 Executing VM operation: get/set locals
Event: 68.348 Executing VM operation: get/set locals done
Event: 68.348 Executing VM operation: get/set locals
Event: 68.348 Executing VM operation: get/set locals done
Event: 68.358 Executing VM operation: get/set locals
Event: 68.358 Executing VM operation: get/set locals done
Event: 68.359 Executing VM operation: get/set locals
Event: 68.359 Executing VM operation: get/set locals done
Event: 114.718 Executing VM operation: Cleanup
Event: 114.718 Executing VM operation: Cleanup done
Event: 137.704 Executing VM operation: ChangeSingleStep
Event: 137.704 Executing VM operation: ChangeSingleStep done
Event: 137.704 Executing VM operation: ChangeSingleStep
Event: 137.704 Executing VM operation: ChangeSingleStep done
Event: 137.721 Executing VM operation: RedefineClasses
Event: 137.750 Executing VM operation: RedefineClasses done
Event: 137.769 Executing VM operation: ChangeBreakpoints
Event: 137.772 Executing VM operation: ChangeBreakpoints done
Event: 137.778 Executing VM operation: ChangeSingleStep
Event: 137.778 Executing VM operation: ChangeSingleStep done

Memory protections (0 events):
No events

Nmethod flushes (20 events):
Event: 8.841 Thread 0x0000016cea723da0 flushing  nmethod 0x0000016ce28d3c90
Event: 8.841 Thread 0x0000016cea723da0 flushing  nmethod 0x0000016ce2a48c90
Event: 8.841 Thread 0x0000016cea723da0 flushing  nmethod 0x0000016ce2c47510
Event: 8.841 Thread 0x0000016cea723da0 flushing  nmethod 0x0000016ce2cfa610
Event: 8.841 Thread 0x0000016cea723da0 flushing  nmethod 0x0000016ce2a3be90
Event: 8.841 Thread 0x0000016cea723da0 flushing  nmethod 0x0000016ce2b08f10
Event: 8.841 Thread 0x0000016cea723da0 flushing  nmethod 0x0000016ce2cd8c90
Event: 8.841 Thread 0x0000016cea723da0 flushing  nmethod 0x0000016ce2d54310
Event: 8.841 Thread 0x0000016cea723da0 flushing  nmethod 0x0000016ce2dc2990
Event: 8.841 Thread 0x0000016cea723da0 flushing  nmethod 0x0000016ce2e0b610
Event: 8.841 Thread 0x0000016cea723da0 flushing  nmethod 0x0000016ce2c66c10
Event: 8.841 Thread 0x0000016cea723da0 flushing  nmethod 0x0000016ce2c94910
Event: 8.841 Thread 0x0000016cea723da0 flushing  nmethod 0x0000016ce2cbf710
Event: 8.841 Thread 0x0000016cea723da0 flushing  nmethod 0x0000016ce27a2810
Event: 8.841 Thread 0x0000016cea723da0 flushing  nmethod 0x0000016ce2b3ba10
Event: 8.841 Thread 0x0000016cea723da0 flushing  nmethod 0x0000016ce2ce3410
Event: 8.841 Thread 0x0000016cea723da0 flushing  nmethod 0x0000016ce2b15e90
Event: 8.841 Thread 0x0000016cea723da0 flushing  nmethod 0x0000016ce2c4f490
Event: 8.841 Thread 0x0000016cea723da0 flushing  nmethod 0x0000016ce2c89d10
Event: 8.841 Thread 0x0000016cea723da0 flushing  nmethod 0x0000016ce2cd1d90

Events (20 events):
Event: 11.043 Thread 0x0000016cdc790530 Thread added: 0x0000016cf1a9c6c0
Event: 11.044 Thread 0x0000016cdc790530 Thread added: 0x0000016cf1a9e100
Event: 11.044 Thread 0x0000016cdc790530 Thread added: 0x0000016cf1a9cd50
Event: 11.044 Thread 0x0000016cdc790530 Thread added: 0x0000016cf1a9d3e0
Event: 11.044 Thread 0x0000016cdc790530 Thread added: 0x0000016cf1a9f4b0
Event: 11.044 Thread 0x0000016cdc790530 Thread added: 0x0000016cf1aa01d0
Event: 11.044 Thread 0x0000016cdc790530 Thread added: 0x0000016cf1a9da70
Event: 11.044 Thread 0x0000016cdc790530 Thread added: 0x0000016cf1aa3650
Event: 11.044 Thread 0x0000016cdc790530 Thread added: 0x0000016cf1a9e790
Event: 11.058 Thread 0x0000016cdc790530 Thread added: 0x0000016cf1aa0860
Event: 11.059 Thread 0x0000016cdc790530 Thread added: 0x0000016cf1a9ee20
Event: 11.079 Thread 0x0000016cdc790530 Thread exited: 0x0000016cdc790530
Event: 11.079 Thread 0x0000016cf1aa0ef0 Thread added: 0x0000016cf1aa0ef0
Event: 12.767 Thread 0x0000016cf1a459a0 Thread exited: 0x0000016cf1a459a0
Event: 21.981 Thread 0x0000016cf1358960 Thread exited: 0x0000016cf1358960
Event: 28.740 Thread 0x0000016cf11f4060 Thread exited: 0x0000016cf11f4060
Event: 52.377 Thread 0x0000016cea752260 Thread added: 0x0000016cf03ddd10
Event: 54.814 Thread 0x0000016cf07ec740 Thread exited: 0x0000016cf07ec740
Event: 64.076 Thread 0x0000016cf03ddd10 Thread exited: 0x0000016cf03ddd10
Event: 76.040 Thread 0x0000016cefa64740 Thread exited: 0x0000016cefa64740


Dynamic libraries:
0x00007ff7f4f30000 - 0x00007ff7f4f3e000 	D:\code\sts-4.28.1.RELEASE\plugins\org.eclipse.justj.openjdk.hotspot.jre.full.win32.x86_64_21.0.6.v20250130-0529\jre\bin\javaw.exe
0x00007ffd2b430000 - 0x00007ffd2b647000 	C:\WINDOWS\SYSTEM32\ntdll.dll
0x00007ffd299c0000 - 0x00007ffd29a84000 	C:\WINDOWS\System32\KERNEL32.DLL
0x00007ffd28960000 - 0x00007ffd28d30000 	C:\WINDOWS\System32\KERNELBASE.dll
0x00007ffd286e0000 - 0x00007ffd287f1000 	C:\WINDOWS\System32\ucrtbase.dll
0x00007ffcadae0000 - 0x00007ffcadaf8000 	D:\code\sts-4.28.1.RELEASE\plugins\org.eclipse.justj.openjdk.hotspot.jre.full.win32.x86_64_21.0.6.v20250130-0529\jre\bin\jli.dll
0x00007ffc89530000 - 0x00007ffc8954e000 	D:\code\sts-4.28.1.RELEASE\plugins\org.eclipse.justj.openjdk.hotspot.jre.full.win32.x86_64_21.0.6.v20250130-0529\jre\bin\VCRUNTIME140.dll
0x00007ffd294b0000 - 0x00007ffd2965e000 	C:\WINDOWS\System32\USER32.dll
0x00007ffd28f00000 - 0x00007ffd28f26000 	C:\WINDOWS\System32\win32u.dll
0x00007ffd13740000 - 0x00007ffd139d2000 	C:\WINDOWS\WinSxS\amd64_microsoft.windows.common-controls_6595b64144ccf1df_6.0.22621.4830_none_270fe7d773858e80\COMCTL32.dll
0x00007ffd29830000 - 0x00007ffd29859000 	C:\WINDOWS\System32\GDI32.dll
0x00007ffd2b290000 - 0x00007ffd2b337000 	C:\WINDOWS\System32\msvcrt.dll
0x00007ffd28de0000 - 0x00007ffd28efb000 	C:\WINDOWS\System32\gdi32full.dll
0x00007ffd288c0000 - 0x00007ffd2895a000 	C:\WINDOWS\System32\msvcp_win.dll
0x00007ffd29e40000 - 0x00007ffd29e71000 	C:\WINDOWS\System32\IMM32.DLL
0x00007ffc89520000 - 0x00007ffc8952c000 	D:\code\sts-4.28.1.RELEASE\plugins\org.eclipse.justj.openjdk.hotspot.jre.full.win32.x86_64_21.0.6.v20250130-0529\jre\bin\vcruntime140_1.dll
0x00007ffc89490000 - 0x00007ffc8951d000 	D:\code\sts-4.28.1.RELEASE\plugins\org.eclipse.justj.openjdk.hotspot.jre.full.win32.x86_64_21.0.6.v20250130-0529\jre\bin\msvcp140.dll
0x00007ffc8c2a0000 - 0x00007ffc8d030000 	D:\code\sts-4.28.1.RELEASE\plugins\org.eclipse.justj.openjdk.hotspot.jre.full.win32.x86_64_21.0.6.v20250130-0529\jre\bin\server\jvm.dll
0x00007ffd29770000 - 0x00007ffd29821000 	C:\WINDOWS\System32\ADVAPI32.dll
0x00007ffd29660000 - 0x00007ffd29707000 	C:\WINDOWS\System32\sechost.dll
0x00007ffd28d30000 - 0x00007ffd28d58000 	C:\WINDOWS\System32\bcrypt.dll
0x00007ffd29880000 - 0x00007ffd29994000 	C:\WINDOWS\System32\RPCRT4.dll
0x00007ffd29ae0000 - 0x00007ffd29b51000 	C:\WINDOWS\System32\WS2_32.dll
0x00007ffd28010000 - 0x00007ffd2805d000 	C:\WINDOWS\SYSTEM32\POWRPROF.dll
0x00007ffd1d8b0000 - 0x00007ffd1d8ba000 	C:\WINDOWS\SYSTEM32\VERSION.dll
0x00007ffd145c0000 - 0x00007ffd145f4000 	C:\WINDOWS\SYSTEM32\WINMM.dll
0x00007ffd27f90000 - 0x00007ffd27fa3000 	C:\WINDOWS\SYSTEM32\UMPDC.dll
0x00007ffd27720000 - 0x00007ffd27738000 	C:\WINDOWS\SYSTEM32\kernel.appcore.dll
0x00007ffcfcba0000 - 0x00007ffcfcbaa000 	D:\code\sts-4.28.1.RELEASE\plugins\org.eclipse.justj.openjdk.hotspot.jre.full.win32.x86_64_21.0.6.v20250130-0529\jre\bin\jimage.dll
0x00007ffd25ef0000 - 0x00007ffd26122000 	C:\WINDOWS\SYSTEM32\DBGHELP.DLL
0x00007ffd29120000 - 0x00007ffd294b0000 	C:\WINDOWS\System32\combase.dll
0x00007ffd2b1a0000 - 0x00007ffd2b277000 	C:\WINDOWS\System32\OLEAUT32.dll
0x00007ffd14580000 - 0x00007ffd145b2000 	C:\WINDOWS\SYSTEM32\dbgcore.DLL
0x00007ffd290a0000 - 0x00007ffd2911b000 	C:\WINDOWS\System32\bcryptPrimitives.dll
0x00007ffd105b0000 - 0x00007ffd105ec000 	D:\code\sts-4.28.1.RELEASE\plugins\org.eclipse.justj.openjdk.hotspot.jre.full.win32.x86_64_21.0.6.v20250130-0529\jre\bin\jdwp.dll
0x00007ffcf9d50000 - 0x00007ffcf9d5f000 	D:\code\sts-4.28.1.RELEASE\plugins\org.eclipse.justj.openjdk.hotspot.jre.full.win32.x86_64_21.0.6.v20250130-0529\jre\bin\instrument.dll
0x00007ffca9e40000 - 0x00007ffca9e5f000 	D:\code\sts-4.28.1.RELEASE\plugins\org.eclipse.justj.openjdk.hotspot.jre.full.win32.x86_64_21.0.6.v20250130-0529\jre\bin\java.dll
0x00007ffd2a0c0000 - 0x00007ffd2a938000 	C:\WINDOWS\System32\SHELL32.dll
0x00007ffd26630000 - 0x00007ffd26f40000 	C:\WINDOWS\SYSTEM32\windows.storage.dll
0x00007ffd264f0000 - 0x00007ffd2662f000 	C:\WINDOWS\SYSTEM32\wintypes.dll
0x00007ffd2a9e0000 - 0x00007ffd2aaea000 	C:\WINDOWS\System32\SHCORE.dll
0x00007ffd29710000 - 0x00007ffd2976e000 	C:\WINDOWS\System32\shlwapi.dll
0x00007ffd28610000 - 0x00007ffd2863b000 	C:\WINDOWS\SYSTEM32\profapi.dll
0x00007ffca9e20000 - 0x00007ffca9e38000 	D:\code\sts-4.28.1.RELEASE\plugins\org.eclipse.justj.openjdk.hotspot.jre.full.win32.x86_64_21.0.6.v20250130-0529\jre\bin\zip.dll
0x00007ffd1e980000 - 0x00007ffd1e98b000 	D:\code\sts-4.28.1.RELEASE\plugins\org.eclipse.justj.openjdk.hotspot.jre.full.win32.x86_64_21.0.6.v20250130-0529\jre\bin\dt_socket.dll
0x00007ffd271a0000 - 0x00007ffd271cd000 	C:\WINDOWS\SYSTEM32\IPHLPAPI.DLL
0x00007ffd27ba0000 - 0x00007ffd27c0a000 	C:\WINDOWS\system32\mswsock.dll
0x00007ffd27210000 - 0x00007ffd27312000 	C:\WINDOWS\SYSTEM32\DNSAPI.dll
0x00007ffd29dd0000 - 0x00007ffd29dd9000 	C:\WINDOWS\System32\NSI.dll
0x0000000063f60000 - 0x0000000063f86000 	C:\Program Files\Bonjour\mdnsNSP.dll
0x00007ffd20ab0000 - 0x00007ffd20aba000 	C:\Windows\System32\rasadhlp.dll
0x00007ffd20930000 - 0x00007ffd209b3000 	C:\WINDOWS\System32\fwpuclnt.dll
0x00007ffcf47b0000 - 0x00007ffcf47c0000 	D:\code\sts-4.28.1.RELEASE\plugins\org.eclipse.justj.openjdk.hotspot.jre.full.win32.x86_64_21.0.6.v20250130-0529\jre\bin\net.dll
0x00007ffd213c0000 - 0x00007ffd214ec000 	C:\WINDOWS\SYSTEM32\WINHTTP.dll
0x00007ffca9e00000 - 0x00007ffca9e16000 	D:\code\sts-4.28.1.RELEASE\plugins\org.eclipse.justj.openjdk.hotspot.jre.full.win32.x86_64_21.0.6.v20250130-0529\jre\bin\nio.dll
0x00007ffd1e050000 - 0x00007ffd1e05a000 	D:\code\sts-4.28.1.RELEASE\plugins\org.eclipse.justj.openjdk.hotspot.jre.full.win32.x86_64_21.0.6.v20250130-0529\jre\bin\management.dll
0x00007ffcad450000 - 0x00007ffcad45b000 	D:\code\sts-4.28.1.RELEASE\plugins\org.eclipse.justj.openjdk.hotspot.jre.full.win32.x86_64_21.0.6.v20250130-0529\jre\bin\management_ext.dll
0x00007ffd299b0000 - 0x00007ffd299b8000 	C:\WINDOWS\System32\PSAPI.DLL
0x00007ffcfa2e0000 - 0x00007ffcfa2f7000 	C:\WINDOWS\system32\napinsp.dll
0x00007ffcf9cf0000 - 0x00007ffcf9d0b000 	C:\WINDOWS\system32\pnrpnsp.dll
0x00007ffcf9cd0000 - 0x00007ffcf9ce1000 	C:\WINDOWS\System32\winrnr.dll
0x00007ffcf9cb0000 - 0x00007ffcf9cc5000 	C:\WINDOWS\system32\wshbth.dll
0x00007ffcf9d20000 - 0x00007ffcf9d47000 	C:\WINDOWS\system32\nlansp_c.dll
0x00007ffd27df0000 - 0x00007ffd27e0b000 	C:\WINDOWS\SYSTEM32\CRYPTSP.dll
0x00007ffd27680000 - 0x00007ffd276b5000 	C:\WINDOWS\system32\rsaenh.dll
0x00007ffd27c90000 - 0x00007ffd27cb8000 	C:\WINDOWS\SYSTEM32\USERENV.dll
0x00007ffd27e10000 - 0x00007ffd27e1c000 	C:\WINDOWS\SYSTEM32\CRYPTBASE.dll
0x00007ffc89480000 - 0x00007ffc89489000 	D:\code\sts-4.28.1.RELEASE\plugins\org.eclipse.justj.openjdk.hotspot.jre.full.win32.x86_64_21.0.6.v20250130-0529\jre\bin\extnet.dll
0x00007ffcf1a00000 - 0x00007ffcf1a10000 	D:\code\sts-4.28.1.RELEASE\plugins\org.eclipse.justj.openjdk.hotspot.jre.full.win32.x86_64_21.0.6.v20250130-0529\jre\bin\verify.dll
0x00007ffcd3370000 - 0x00007ffcd337e000 	D:\code\sts-4.28.1.RELEASE\plugins\org.eclipse.justj.openjdk.hotspot.jre.full.win32.x86_64_21.0.6.v20250130-0529\jre\bin\sunmscapi.dll
0x00007ffd28f30000 - 0x00007ffd29096000 	C:\WINDOWS\System32\CRYPT32.dll
0x00007ffd280a0000 - 0x00007ffd280cd000 	C:\WINDOWS\SYSTEM32\ncrypt.dll
0x00007ffd28060000 - 0x00007ffd28097000 	C:\WINDOWS\SYSTEM32\NTASN1.dll
0x00007ffcad270000 - 0x00007ffcad278000 	C:\WINDOWS\system32\wshunix.dll

dbghelp: loaded successfully - version: 4.0.5 - missing functions: none
symbol engine: initialized successfully - sym options: 0x614 - pdb path: .;D:\code\sts-4.28.1.RELEASE\plugins\org.eclipse.justj.openjdk.hotspot.jre.full.win32.x86_64_21.0.6.v20250130-0529\jre\bin;C:\WINDOWS\SYSTEM32;C:\WINDOWS\WinSxS\amd64_microsoft.windows.common-controls_6595b64144ccf1df_6.0.22621.4830_none_270fe7d773858e80;D:\code\sts-4.28.1.RELEASE\plugins\org.eclipse.justj.openjdk.hotspot.jre.full.win32.x86_64_21.0.6.v20250130-0529\jre\bin\server;C:\Program Files\Bonjour

VM Arguments:
jvm_args: -XX:+ShowCodeDetailsInExceptionMessages -agentlib:jdwp=transport=dt_socket,suspend=y,address=localhost:49682 -Dcom.sun.management.jmxremote -Dcom.sun.management.jmxremote.port=49681 -Dcom.sun.management.jmxremote.authenticate=false -Dcom.sun.management.jmxremote.ssl=false -Djava.rmi.server.hostname=localhost -Dspring.jmx.enabled=true -Dmanagement.endpoints.jmx.exposure.include=* -Dspring.application.admin.enabled=true -Dspring.output.ansi.enabled=always -XX:TieredStopAtLevel=1 -Dspring.boot.project.name=ChonLichThiLai -javaagent:D:\code\sts-4.28.1.RELEASE\configuration\org.eclipse.osgi\275\0\.cp\lib\javaagent-shaded.jar -Dfile.encoding=UTF-8 -Dstdout.encoding=UTF-8 -Dstderr.encoding=UTF-8 
java_command: com.thanglong.chonlichthilai.ChonLichThiLaiApplication
java_class_path (initial): D:\code\workspace-spring-tool-suite-4-4.25.0.RELEASE\ChonLichThiLai\target\classes;C:\Users\thanh\.m2\repository\org\springframework\boot\spring-boot-starter-web\3.2.4\spring-boot-starter-web-3.2.4.jar;C:\Users\thanh\.m2\repository\org\springframework\boot\spring-boot-starter\3.2.4\spring-boot-starter-3.2.4.jar;C:\Users\thanh\.m2\repository\org\springframework\boot\spring-boot\3.2.4\spring-boot-3.2.4.jar;C:\Users\thanh\.m2\repository\org\springframework\boot\spring-boot-autoconfigure\3.2.4\spring-boot-autoconfigure-3.2.4.jar;C:\Users\thanh\.m2\repository\org\springframework\boot\spring-boot-starter-logging\3.2.4\spring-boot-starter-logging-3.2.4.jar;C:\Users\thanh\.m2\repository\ch\qos\logback\logback-classic\1.4.14\logback-classic-1.4.14.jar;C:\Users\thanh\.m2\repository\org\apache\logging\log4j\log4j-to-slf4j\2.21.1\log4j-to-slf4j-2.21.1.jar;C:\Users\thanh\.m2\repository\org\slf4j\jul-to-slf4j\2.0.12\jul-to-slf4j-2.0.12.jar;C:\Users\thanh\.m2\repository\jakarta\annotation\jakarta.annotation-api\2.1.1\jakarta.annotation-api-2.1.1.jar;C:\Users\thanh\.m2\repository\org\yaml\snakeyaml\2.2\snakeyaml-2.2.jar;C:\Users\thanh\.m2\repository\org\springframework\boot\spring-boot-starter-tomcat\3.2.4\spring-boot-starter-tomcat-3.2.4.jar;C:\Users\thanh\.m2\repository\org\apache\tomcat\embed\tomcat-embed-core\10.1.19\tomcat-embed-core-10.1.19.jar;C:\Users\thanh\.m2\repository\org\apache\tomcat\embed\tomcat-embed-websocket\10.1.19\tomcat-embed-websocket-10.1.19.jar;C:\Users\thanh\.m2\repository\org\springframework\spring-web\6.1.5\spring-web-6.1.5.jar;C:\Users\thanh\.m2\repository\org\springframework\spring-beans\6.1.5\spring-beans-6.1.5.jar;C:\Users\thanh\.m2\repository\io\micrometer\micrometer-observation\1.12.4\micrometer-observation-1.12.4.jar;C:\Users\thanh\.m2\repository\io\micrometer\micrometer-commons\1.12.4\micrometer-commons-1.12.4.jar;C:\Users\thanh\.m2\repository\org\springframework\spring-webmvc\6.1.5\spring-webmvc-6.1.5.jar;C:\Users\thanh\.m2\repository\org\springframework\spring-aop\6.1.5\spring-aop-6.1.5.jar;C:\Users\thanh\.m2\repository\org\springframework\spring-context\6.1.5\spring-context-6.1.5.jar;C:\Users\thanh\.m2\repository\org\springframework\spring-expression\6.1.5\spring-expression-6.1.5.jar;C:\Users\thanh\.m2\repository\org\springframework\boot\spring-boot-starter-validation\3.2.4\spring-boot-starter-validation-3.2.4.jar;C:\Users\thanh\.m2\repository\org\apache\tomcat\embed\tomcat-embed-el\10.1.19\tomcat-embed-el-10.1.19.jar;C:\Users\thanh\.m2\repository\org\hibernate\validator\hibernate-validator\8.0.1.Final\hibernate-validator-8.0.1.Final.jar;C:\Users\thanh\.m2\repository\jakarta\validation\jakarta.validation-api\3.0.2\jakarta.validation-api-3.0.2.jar;C:\Users\thanh\.m2\repository\org\jboss\logging\jboss-logging\3.5.3.Final\jboss-logging-3.5.3.Final.jar;C:\Users\thanh\.m2\repository\com\fasterxml\classmate\1.6.0\classmate-1.6.0.jar;C:\Users\thanh\.m2\repository\org\springframework\boot\spring-boot-starter-mail\3.2.4\spring-boot-starter-mail-3.2.4.jar;C:\Users\thanh\.m2\repository\org\springframework\spring-context-support\6.1.5\spring-context-support-6.1.5.jar;C:\Users\thanh\.m2\repository\org\eclipse\angus\jakarta.mail\2.0.3\jakarta.mail-2.0.3.jar;C:\Users\thanh\.m2\repository\jakarta\activation\jakarta.activation-api\2.1.3\jakarta.activation-api-2.1.3.jar;C:\Users\thanh\.m2\repository\org\eclipse\angus\angus-activation\2.0.2\angus-activation-2.0.2.jar;C:\Users\thanh\.m2\repository\com\google\code\gson\gson\2.10.1\gson-2.10.1.jar;C:\Users\thanh\.m2\repository\org\springframework\boot\spring-boot-starter-data-jpa\3.2.4\spring-boot-starter-data-jpa-3.2.4.jar;C:\Users\thanh\.m2\repository\org\springframework\boot\spring-boot-starter-aop\3.2.4\spring-boot-starter-aop-3.2.4.jar;C:\Users\thanh\.m2\repository\org\aspectj\aspectjweaver\1.9.21\aspectjweaver-1.9.21.jar;C:\Users\thanh\.m2\repository\org\springframework\boot\spring-boot-starter-jdbc\3.2.4\spring-boot-starter-jdbc-3.2.4.jar;C:\Users\thanh\.m2\repository\com\zaxxer\HikariCP\5.0.1\HikariCP-5.0.1.jar;C:\Users\thanh\.m2\repository\org\springframework\spring-jdbc\6.1.5\spring-jdbc-6.1.5.jar;C:\Users\thanh\.m2\repository\org\hibernate\orm\hibernate-core\6.4.4.Final\hibernate-core-6.4.4.Final.jar;C:\Users\thanh\.m2\repository\jakarta\persistence\jakarta.persistence-api\3.1.0\jakarta.persistence-api-3.1.0.jar;C:\Users\thanh\.m2\repository\jakarta\transaction\jakarta.transaction-api\2.0.1\jakarta.transaction-api-2.0.1.jar;C:\Users\thanh\.m2\repository\org\hibernate\common\hibernate-commons-annotations\6.0.6.Final\hibernate-commons-annotations-6.0.6.Final.jar;C:\Users\thanh\.m2\repository\io\smallrye\jandex\3.1.2\jandex-3.1.2.jar;C:\Users\thanh\.m2\repository\net\bytebuddy\byte-buddy\1.14.12\byte-buddy-1.14.12.jar;C:\Users\thanh\.m2\repository\org\glassfish\jaxb\jaxb-runtime\4.0.5\jaxb-runtime-4.0.5.jar;C:\Users\thanh\.m2\repository\org\glassfish\jaxb\jaxb-core\4.0.5\jaxb-core-4.0.5.jar;C:\Users\thanh\.m2\repository\org\glassfish\jaxb\txw2\4.0.5\txw2-4.0.5.jar;C:\Users\thanh\.m2\repository\com\sun\istack\istack-commons-runtime\4.1.2\istack-commons-runtime-4.1.2.jar;C:\Users\thanh\.m2\repository\jakarta\inject\jakarta.inject-api\2.0.1\jakarta.inject-api-2.0.1.jar;C:\Users\thanh\.m2\repository\org\antlr\antlr4-runtime\4.13.0\antlr4-runtime-4.13.0.jar;C:\Users\thanh\.m2\repository\org\springframework\data\spring-data-jpa\3.2.4\spring-data-jpa-3.2.4.jar;C:\Users\thanh\.m2\repository\org\springframework\data\spring-data-commons\3.2.4\spring-data-commons-3.2.4.jar;C:\Users\thanh\.m2\repository\org\springframework\spring-orm\6.1.5\spring-orm-6.1.5.jar;C:\Users\thanh\.m2\repository\org\springframework\spring-tx\6.1.5\spring-tx-6.1.5.jar;C:\Users\thanh\.m2\repository\org\springframework\spring-aspects\6.1.5\spring-aspects-6.1.5.jar;C:\Users\thanh\.m2\repository\org\springframework\boot\spring-boot-starter-json\3.2.4\spring-boot-starter-json-3.2.4.jar;C:\Users\thanh\.m2\repository\com\fasterxml\jackson\core\jackson-databind\2.15.4\jackson-databind-2.15.4.jar;C:\Users\thanh\.m2\repository\com\fasterxml\jackson\core\jackson-annotations\2.15.4\jackson-annotations-2.15.4.jar;C:\Users\thanh\.m2\repository\com\fasterxml\jackson\core\jackson-core\2.15.4\jackson-core-2.15.4.jar;C:\Users\thanh\.m2\repository\com\fasterxml\jackson\datatype\jackson-datatype-jdk8\2.15.4\jackson-datatype-jdk8-2.15.4.jar;C:\Users\thanh\.m2\repository\com\fasterxml\jackson\datatype\jackson-datatype-jsr310\2.15.4\jackson-datatype-jsr310-2.15.4.jar;C:\Users\thanh\.m2\repository\com\fasterxml\jackson\module\jackson-module-parameter-names\2.15.4\jackson-module-parameter-names-2.15.4.jar;C:\Users\thanh\.m2\repository\org\projectlombok\lombok\1.18.32\lombok-1.18.32.jar;C:\Users\thanh\.m2\repository\com\mysql\mysql-connector-j\8.0.33\mysql-connector-j-8.0.33.jar;C:\Users\thanh\.m2\repository\org\json\json\20250107\json-20250107.jar;C:\Users\thanh\.m2\repository\jakarta\xml\bind\jakarta.xml.bind-api\4.0.2\jakarta.xml.bind-api-4.0.2.jar;C:\Users\thanh\.m2\repository\org\springframework\spring-core\6.1.5\spring-core-6.1.5.jar;C:\Users\thanh\.m2\repository\org\springframework\spring-jcl\6.1.5\spring-jcl-6.1.5.jar;C:\Users\thanh\.m2\repository\org\apache\poi\poi\5.3.0\poi-5.3.0.jar;C:\Users\thanh\.m2\repository\commons-codec\commons-codec\1.16.1\commons-codec-1.16.1.jar;C:\Users\thanh\.m2\repository\org\apache\commons\commons-collections4\4.4\commons-collections4-4.4.jar;C:\Users\thanh\.m2\repository\org\apache\commons\commons-math3\3.6.1\commons-math3-3.6.1.jar;C:\Users\thanh\.m2\repository\commons-io\commons-io\2.16.1\commons-io-2.16.1.jar;C:\Users\thanh\.m2\repository\com\zaxxer\SparseBitSet\1.3\SparseBitSet-1.3.jar;C:\Users\thanh\.m2\repository\org\apache\logging\log4j\log4j-api\2.21.1\log4j-api-2.21.1.jar;C:\Users\thanh\.m2\repository\org\apache\poi\poi-ooxml\5.3.0\poi-ooxml-5.3.0.jar;C:\Users\thanh\.m2\repository\org\apache\poi\poi-ooxml-lite\5.3.0\poi-ooxml-lite-5.3.0.jar;C:\Users\thanh\.m2\repository\org\apache\xmlbeans\xmlbeans\5.2.1\xmlbeans-5.2.1.jar;C:\Users\thanh\.m2\repository\org\apache\commons\commons-compress\1.26.2\commons-compress-1.26.2.jar;C:\Users\thanh\.m2\repository\org\apache\commons\commons-lang3\3.13.0\commons-lang3-3.13.0.jar;C:\Users\thanh\.m2\repository\com\github\virtuald\curvesapi\1.08\curvesapi-1.08.jar;C:\Users\thanh\.m2\repository\org\jxls\jxls-jexcel\1.0.9\jxls-jexcel-1.0.9.jar;C:\Users\thanh\.m2\repository\org\jxls\jxls\2.6.0\jxls-2.6.0.jar;C:\Users\thanh\.m2\repository\org\apache\commons\commons-jexl3\3.1\commons-jexl3-3.1.jar;C:\Users\thanh\.m2\repository\commons-logging\commons-logging\1.2\commons-logging-1.2.jar;C:\Users\thanh\.m2\repository\commons-beanutils\commons-beanutils\1.9.3\commons-beanutils-1.9.3.jar;C:\Users\thanh\.m2\repository\commons-collections\commons-collections\3.2.2\commons-collections-3.2.2.jar;C:\Users\thanh\.m2\repository\ch\qos\logback\logback-core\1.4.14\logback-core-1.4.14.jar;C:\Users\thanh\.m2\repository\net\sourceforge\jexcelapi\jxl\2.6.10\jxl-2.6.10.jar;C:\Users\thanh\.m2\repository\log4j\log4j\1.2.14\log4j-1.2.14.jar;C:\Users\thanh\.m2\repository\org\slf4j\slf4j-api\2.0.12\slf4j-api-2.0.12.jar;C:\Users\thanh\.m2\repository\org\slf4j\jcl-over-slf4j\2.0.12\jcl-over-slf4j-2.0.12.jar;C:\Users\thanh\.m2\repository\org\dhatim\fastexcel-reader\0.18.1\fastexcel-reader-0.18.1.jar;C:\Users\thanh\.m2\repository\com\fasterxml\aalto-xml\1.3.3\aalto-xml-1.3.3.jar;C:\Users\thanh\.m2\repository\org\codehaus\woodstox\stax2-api\4.2.2\stax2-api-4.2.2.jar;C:\Users\thanh\.m2\repository\org\dhatim\fastexcel\0.18.1\fastexcel-0.18.1.jar;C:\Users\thanh\.m2\repository\com\github\rzymek\opczip\1.2.0\opczip-1.2.0.jar
Launcher Type: SUN_STANDARD

[Global flags]
     intx CICompilerCount                          = 4                                         {product} {ergonomic}
     uint ConcGCThreads                            = 2                                         {product} {ergonomic}
     uint G1ConcRefinementThreads                  = 8                                         {product} {ergonomic}
   size_t G1HeapRegionSize                         = 1048576                                   {product} {ergonomic}
    uintx GCDrainStackTargetSize                   = 64                                        {product} {ergonomic}
   size_t InitialHeapSize                          = 132120576                                 {product} {ergonomic}
     bool ManagementServer                         = true                                      {product} {command line}
   size_t MarkStackSize                            = 4194304                                   {product} {ergonomic}
   size_t MaxHeapSize                              = 2090860544                                {product} {ergonomic}
   size_t MaxNewSize                               = 1254096896                                {product} {ergonomic}
   size_t MinHeapDeltaBytes                        = 1048576                                   {product} {ergonomic}
   size_t MinHeapSize                              = 8388608                                   {product} {ergonomic}
    uintx NonNMethodCodeHeapSize                   = 4096                                   {pd product} {ergonomic}
    uintx NonProfiledCodeHeapSize                  = 0                                      {pd product} {ergonomic}
     bool ProfileInterpreter                       = false                                  {pd product} {command line}
    uintx ProfiledCodeHeapSize                     = 0                                      {pd product} {ergonomic}
     bool ShowCodeDetailsInExceptionMessages       = true                                   {manageable} {command line}
   size_t SoftMaxHeapSize                          = 2090860544                             {manageable} {ergonomic}
     intx TieredStopAtLevel                        = 1                                         {product} {command line}
     bool UseCompressedOops                        = true                           {product lp64_product} {ergonomic}
     bool UseG1GC                                  = true                                      {product} {ergonomic}
     bool UseLargePagesIndividualAllocation        = false                                  {pd product} {ergonomic}

Logging:
Log output configuration:
 #0: stdout all=warning uptime,level,tags foldmultilines=false
 #1: stderr all=off uptime,level,tags foldmultilines=false

Environment Variables:
JAVA_HOME=C:\Program Files\Java\jdk-15.0.2
PATH=D:\code\sts-4.28.1.RELEASE\plugins\org.eclipse.justj.openjdk.hotspot.jre.full.win32.x86_64_21.0.6.v20250130-0529\jre\bin;D:/code/sts-4.28.1.RELEASE//plugins/org.eclipse.justj.openjdk.hotspot.jre.full.win32.x86_64_21.0.6.v20250130-0529/jre/bin/server;D:/code/sts-4.28.1.RELEASE//plugins/org.eclipse.justj.openjdk.hotspot.jre.full.win32.x86_64_21.0.6.v20250130-0529/jre/bin;C:\Python312\Scripts\;C:\Python312\;C:\Program Files (x86)\Common Files\Oracle\Java\javapath;C:\Program Files\Common Files\Oracle\Java\javapath;C:\Program Files (x86)\VMware\VMware Workstation\bin\;C:\Program Files (x86)\Common Files\NetSarang;C:\WINDOWS\system32;C:\WINDOWS;C:\WINDOWS\System32\Wbem;C:\WINDOWS\System32\WindowsPowerShell\v1.0\;C:\WINDOWS\System32\OpenSSH\;C:\Program Files\dotnet\;C:\MinGW\bin;C:\Program Files\Amazon\AWSCLIV2\;C:\Program Files (x86)\Microsoft SQL Server\140\Tools\Binn\;C:\Program Files (x86)\Microsoft SQL Server\Client SDK\ODBC\130\Tools\Binn\;C:\Program Files (x86)\Microsoft SQL Server\140\DTS\Binn\;C:\Program Files (x86)\Microsoft SQL Server\140\Tools\Binn\ManagementStudio\;C:\Program Files\Microsoft SQL Server\Client SDK\ODBC\130\Tools\Binn\;C:\Program Files\Microsoft SQL Server\140\Tools\Binn\;C:\Program Files\Microsoft SQL Server\140\DTS\Binn\;C:\Program Files\nodejs\;C:\ProgramData\chocolatey\bin;C:\Program Files\PuTTY\;C:\Users\thanh\AppData\Local\Microsoft\WindowsApps;C:\Users\thanh\AppData\Local\Programs\Microsoft VS Code\bin;C:\Users\thanh\AppData\Local\GitHubDesktop\bin;D:\edeka\tool\apache-maven-3.8.8-bin\bin;C:\Program Files\Java\jdk-15.0.2\bin;C:\Users\thanh\AppData\Local\Microsoft\WinGet\Packages\Schniz.fnm_Microsoft.Winget.Source_8wekyb3d8bbwe;C:\Users\thanh\AppData\Roaming\npm;C:\Program Files\Tesseract-OCR;;D:\code\sts-4.28.1.RELEASE;
USERNAME=thanh
OS=Windows_NT
PROCESSOR_IDENTIFIER=Intel64 Family 6 Model 142 Stepping 12, GenuineIntel
TMP=C:\Users\thanh\AppData\Local\Temp
TEMP=C:\Users\thanh\AppData\Local\Temp




Periodic native trim disabled

---------------  S Y S T E M  ---------------

OS:
 Windows 11 , 64 bit Build 22621 (10.0.22621.4830)
OS uptime: 0 days 10:42 hours

CPU: total 8 (initial active 8) (4 cores per cpu, 2 threads per core) family 6 model 142 stepping 12 microcode 0xf8, cx8, cmov, fxsr, ht, mmx, 3dnowpref, sse, sse2, sse3, ssse3, sse4.1, sse4.2, popcnt, lzcnt, tsc, tscinvbit, avx, avx2, aes, erms, clmul, bmi1, bmi2, adx, fma, vzeroupper, clflush, clflushopt, rdtscp, f16c
Processor Information for the first 8 processors :
  Max Mhz: 2304, Current Mhz: 1803, Mhz Limit: 1797

Memory: 4k page, system-wide physical 7973M (1163M free)
TotalPageFile size 19064M (AvailPageFile size 3216M)
current process WorkingSet (physical memory assigned to process): 300M, peak: 300M
current process commit charge ("private bytes"): 331M, peak: 331M

vm_info: OpenJDK 64-Bit Server VM (21.0.6+7-LTS) for windows-amd64 JRE (21.0.6+7-LTS), built on 2025-01-21T00:00:00Z by "admin" with MS VC++ 17.7 (VS2022)

END.
